<?xml version="1.0" encoding="UTF-8"?>
<!-- Generated by org.testng.reporters.JUnitXMLReporter -->
<testsuite ignored="2" hostname="DESKTOP-0UE9EKQ" failures="0" tests="10" name="Default test" time="12.784" errors="0" timestamp="2025-04-03T22:50:21 IST">
  <testcase classname="testBase.LoginPageTest" name="LogininVaildCrential" time="0.898"/>
  <testcase classname="testBase.LoginPageTest" name="LogininVaildCrential" time="0.735"/>
  <testcase classname="testBase.LoginPageTest" name="LogininVaildCrential" time="0.728"/>
  <testcase classname="testBase.LoginPageTest" name="LogininVaildCrential" time="0.727"/>
  <testcase classname="testBase.LoginPageTest" name="LogininVaildCrential" time="0.901"/>
  <testcase classname="testBase.LoginPageTest" name="LogininVaildCrential" time="0.744"/>
  <testcase classname="testBase.LoginPageTest" name="LogininVaildCrential" time="0.669"/>
  <testcase classname="testBase.LoginPageTest" name="LogininVaildCrential" time="0.569"/>
  <testcase classname="testBase.LoginPageTest" name="LogininVaildCrential" time="0.61"/>
  <testcase classname="testBase.LoginPageTest" name="LogininVaildCrential" time="0.478"/>
  <testcase classname="testBase.LoginPageTest" name="Login" time="0.0">
    <ignored/>
  </testcase> <!-- Login -->
  <testcase classname="testBase.LoginPageTest" name="LoginVaildCrential" time="0.0">
    <ignored/>
  </testcase> <!-- LoginVaildCrential -->
</testsuite> <!-- Default test -->
