<?xml version="1.0" encoding="UTF-8"?>
<!-- Generated by org.testng.reporters.JUnitXMLReporter -->
<testsuite ignored="6" hostname="DESKTOP-0UE9EKQ" failures="0" tests="22" name="Edge Test" time="196.256" errors="0" timestamp="2025-04-06T11:08:28 IST">
  <testcase classname="testBase.LandingPageTest" name="CartIconIsVisible" time="0.0">
    <skipped/>
  </testcase> <!-- CartIconIsVisible -->
  <testcase classname="testBase.LandingPageTest" name="ProductTitleIsVisiable" time="0.0">
    <skipped/>
  </testcase> <!-- ProductTitleIsVisiable -->
  <testcase classname="testBase.LandingPageTest" name="ShortTheProductHighToLow" time="0.0">
    <skipped/>
  </testcase> <!-- ShortTheProductHighToLow -->
  <testcase classname="testBase.LandingPageTest" name="ShortTheProductLowToHigh" time="0.0">
    <skipped/>
  </testcase> <!-- ShortTheProductLowToHigh -->
  <testcase classname="testBase.LandingPageTest" name="ShortTheProductNameAZ" time="0.0">
    <skipped/>
  </testcase> <!-- ShortTheProductNameAZ -->
  <testcase classname="testBase.LandingPageTest" name="ShortTheProductNameZA" time="0.001">
    <skipped/>
  </testcase> <!-- ShortTheProductNameZA -->
  <testcase classname="testBase.LandingPageTest" name="VerifytheHomePage" time="0.0">
    <skipped/>
  </testcase> <!-- VerifytheHomePage -->
  <testcase classname="testBase.LandingPageTest" name="clickTheAllItemMenu" time="0.0">
    <skipped/>
  </testcase> <!-- clickTheAllItemMenu -->
  <testcase classname="testBase.LandingPageTest" name="clickTheAppStoreReset" time="0.0">
    <skipped/>
  </testcase> <!-- clickTheAppStoreReset -->
  <testcase classname="testBase.LandingPageTest" name="clickTheMenuverified" time="0.0">
    <skipped/>
  </testcase> <!-- clickTheMenuverified -->
  <testcase classname="testBase.LandingPageTest" name="clickTheclose" time="0.0">
    <skipped/>
  </testcase> <!-- clickTheclose -->
  <testcase classname="testBase.LoginPageTest" name="LogininVaildCrential" time="0.0">
    <skipped/>
  </testcase> <!-- LogininVaildCrential -->
  <testcase classname="testBase.LoginPageTest" name="LogininVaildCrential" time="0.001">
    <skipped/>
  </testcase> <!-- LogininVaildCrential -->
  <testcase classname="testBase.LoginPageTest" name="LogininVaildCrential" time="0.0">
    <skipped/>
  </testcase> <!-- LogininVaildCrential -->
  <testcase classname="testBase.LoginPageTest" name="LogininVaildCrential" time="0.0">
    <skipped/>
  </testcase> <!-- LogininVaildCrential -->
  <testcase classname="testBase.LoginPageTest" name="LogininVaildCrential" time="0.0">
    <skipped/>
  </testcase> <!-- LogininVaildCrential -->
  <testcase classname="testBase.LoginPageTest" name="LogininVaildCrential" time="0.0">
    <skipped/>
  </testcase> <!-- LogininVaildCrential -->
  <testcase classname="testBase.LoginPageTest" name="LogininVaildCrential" time="0.0">
    <skipped/>
  </testcase> <!-- LogininVaildCrential -->
  <testcase classname="testBase.LoginPageTest" name="LogininVaildCrential" time="0.0">
    <skipped/>
  </testcase> <!-- LogininVaildCrential -->
  <testcase classname="testBase.LoginPageTest" name="LogininVaildCrential" time="0.0">
    <skipped/>
  </testcase> <!-- LogininVaildCrential -->
  <testcase classname="testBase.LoginPageTest" name="LogininVaildCrential" time="0.0">
    <skipped/>
  </testcase> <!-- LogininVaildCrential -->
  <testcase classname="testBase.LoginPageTest" name="Login" time="0.0">
    <skipped/>
  </testcase> <!-- Login -->
  <testcase classname="testBase.LandingPageTest" name="Login" time="0.0">
    <ignored/>
  </testcase> <!-- Login -->
  <testcase classname="MyProject.saucedemo.BaseClass" name="@AfterTest teardowm" time="0.0">
    <ignored/>
  </testcase> <!-- @AfterTest teardowm -->
  <testcase classname="testBase.LoginPageTest" name="LoginVaildCrential" time="0.0">
    <ignored/>
  </testcase> <!-- LoginVaildCrential -->
  <testcase classname="testBase.LandingPageTest" name="clickTheMenuAbout" time="0.0">
    <ignored/>
  </testcase> <!-- clickTheMenuAbout -->
  <testcase classname="testBase.LandingPageTest" name="clickThelogot" time="0.0">
    <ignored/>
  </testcase> <!-- clickThelogot -->
  <testcase classname="MyProject.saucedemo.BaseClass" name="@BeforeTest openTheBrowser" time="0.0">
    <ignored/>
  </testcase> <!-- @BeforeTest openTheBrowser -->
</testsuite> <!-- Edge Test -->
