<?xml version="1.0" encoding="UTF-8"?>
<!-- Generated by org.testng.reporters.JUnitXMLReporter -->
<testsuite ignored="6" hostname="DESKTOP-0UE9EKQ" failures="22" tests="22" name="FireFOx Test" time="99.242" errors="0" timestamp="2025-04-06T11:06:51 IST">
  <testcase classname="testBase.LandingPageTest" name="CartIconIsVisible" time="15.194">
    <failure type="org.openqa.selenium.NoSuchElementException" message="Unable to locate element: .shopping_cart_link
For documentation on this error, please visit: https://www.selenium.dev/documentation/webdriver/troubleshooting/errors#no-such-element-exception
Build info: version: &amp;apos;4.30.0&amp;apos;, revision: &amp;apos;509c7f17cc*&amp;apos;
System info: os.name: &amp;apos;Windows 10&amp;apos;, os.arch: &amp;apos;amd64&amp;apos;, os.version: &amp;apos;10.0&amp;apos;, java.version: &amp;apos;23.0.1&amp;apos;
Driver info: org.openqa.selenium.firefox.FirefoxDriver
Command: [45209234-c0df-4618-b352-07ee30a9603b, findElement {using=class name, value=shopping_cart_link}]
Capabilities {acceptInsecureCerts: true, browserName: firefox, browserVersion: 137.0, moz:accessibilityChecks: false, moz:buildID: 20250327043313, moz:geckodriverVersion: 0.36.0, moz:headless: false, moz:platformVersion: 10.0, moz:processID: 12756, moz:profile: C:\Users\xmedia\AppData\Loc..., moz:shutdownTimeout: 60000, moz:webdriverClick: true, moz:windowless: false, pageLoadStrategy: normal, platformName: windows, proxy: Proxy(), setWindowRect: true, strictFileInteractability: false, timeouts: {implicit: 0, pageLoad: 300000, script: 30000}, unhandledPromptBehavior: dismiss and notify, userAgent: Mozilla/5.0 (Windows NT 10....}
Session ID: 45209234-c0df-4618-b352-07ee30a9603b">
      <![CDATA[org.openqa.selenium.NoSuchElementException: Unable to locate element: .shopping_cart_link
For documentation on this error, please visit: https://www.selenium.dev/documentation/webdriver/troubleshooting/errors#no-such-element-exception
Build info: version: '4.30.0', revision: '509c7f17cc*'
System info: os.name: 'Windows 10', os.arch: 'amd64', os.version: '10.0', java.version: '23.0.1'
Driver info: org.openqa.selenium.firefox.FirefoxDriver
Command: [45209234-c0df-4618-b352-07ee30a9603b, findElement {using=class name, value=shopping_cart_link}]
Capabilities {acceptInsecureCerts: true, browserName: firefox, browserVersion: 137.0, moz:accessibilityChecks: false, moz:buildID: 20250327043313, moz:geckodriverVersion: 0.36.0, moz:headless: false, moz:platformVersion: 10.0, moz:processID: 12756, moz:profile: C:\Users\xmedia\AppData\Loc..., moz:shutdownTimeout: 60000, moz:webdriverClick: true, moz:windowless: false, pageLoadStrategy: normal, platformName: windows, proxy: Proxy(), setWindowRect: true, strictFileInteractability: false, timeouts: {implicit: 0, pageLoad: 300000, script: 30000}, unhandledPromptBehavior: dismiss and notify, userAgent: Mozilla/5.0 (Windows NT 10....}
Session ID: 45209234-c0df-4618-b352-07ee30a9603b
at org.openqa.selenium.remote.ErrorCodec.decode(ErrorCodec.java:167)
at org.openqa.selenium.remote.codec.w3c.W3CHttpResponseCodec.decode(W3CHttpResponseCodec.java:138)
at org.openqa.selenium.remote.codec.w3c.W3CHttpResponseCodec.decode(W3CHttpResponseCodec.java:50)
at org.openqa.selenium.remote.HttpCommandExecutor.execute(HttpCommandExecutor.java:215)
at org.openqa.selenium.remote.service.DriverCommandExecutor.invokeExecute(DriverCommandExecutor.java:216)
at org.openqa.selenium.remote.service.DriverCommandExecutor.execute(DriverCommandExecutor.java:174)
at org.openqa.selenium.remote.RemoteWebDriver.execute(RemoteWebDriver.java:545)
at org.openqa.selenium.remote.ElementLocation$ElementFinder$2.findElement(ElementLocation.java:165)
at org.openqa.selenium.remote.ElementLocation.findElement(ElementLocation.java:66)
at org.openqa.selenium.remote.RemoteWebDriver.findElement(RemoteWebDriver.java:368)
at org.openqa.selenium.remote.RemoteWebDriver.findElement(RemoteWebDriver.java:362)
at pageObjectClass.LandingPage.addToCartIconIsVisiable(LandingPage.java:50)
at testBase.LandingPageTest.CartIconIsVisible(LandingPageTest.java:98)
at java.base/java.util.ArrayList.forEach(ArrayList.java:1597)
at java.base/java.util.concurrent.FutureTask.run(FutureTask.java:317)
at java.base/java.util.concurrent.ThreadPoolExecutor.runWorker(ThreadPoolExecutor.java:1144)
at java.base/java.util.concurrent.ThreadPoolExecutor$Worker.run(ThreadPoolExecutor.java:642)
at java.base/java.lang.Thread.run(Thread.java:1575)
... Removed 18 stack frames]]>
    </failure>
  </testcase> <!-- CartIconIsVisible -->
  <testcase classname="testBase.LandingPageTest" name="ProductTitleIsVisiable" time="15.031">
    <failure type="org.openqa.selenium.NoSuchElementException" message="Unable to locate element: .title
For documentation on this error, please visit: https://www.selenium.dev/documentation/webdriver/troubleshooting/errors#no-such-element-exception
Build info: version: &amp;apos;4.30.0&amp;apos;, revision: &amp;apos;509c7f17cc*&amp;apos;
System info: os.name: &amp;apos;Windows 10&amp;apos;, os.arch: &amp;apos;amd64&amp;apos;, os.version: &amp;apos;10.0&amp;apos;, java.version: &amp;apos;23.0.1&amp;apos;
Driver info: org.openqa.selenium.firefox.FirefoxDriver
Command: [45209234-c0df-4618-b352-07ee30a9603b, findElement {using=class name, value=title}]
Capabilities {acceptInsecureCerts: true, browserName: firefox, browserVersion: 137.0, moz:accessibilityChecks: false, moz:buildID: 20250327043313, moz:geckodriverVersion: 0.36.0, moz:headless: false, moz:platformVersion: 10.0, moz:processID: 12756, moz:profile: C:\Users\xmedia\AppData\Loc..., moz:shutdownTimeout: 60000, moz:webdriverClick: true, moz:windowless: false, pageLoadStrategy: normal, platformName: windows, proxy: Proxy(), setWindowRect: true, strictFileInteractability: false, timeouts: {implicit: 0, pageLoad: 300000, script: 30000}, unhandledPromptBehavior: dismiss and notify, userAgent: Mozilla/5.0 (Windows NT 10....}
Session ID: 45209234-c0df-4618-b352-07ee30a9603b">
      <![CDATA[org.openqa.selenium.NoSuchElementException: Unable to locate element: .title
For documentation on this error, please visit: https://www.selenium.dev/documentation/webdriver/troubleshooting/errors#no-such-element-exception
Build info: version: '4.30.0', revision: '509c7f17cc*'
System info: os.name: 'Windows 10', os.arch: 'amd64', os.version: '10.0', java.version: '23.0.1'
Driver info: org.openqa.selenium.firefox.FirefoxDriver
Command: [45209234-c0df-4618-b352-07ee30a9603b, findElement {using=class name, value=title}]
Capabilities {acceptInsecureCerts: true, browserName: firefox, browserVersion: 137.0, moz:accessibilityChecks: false, moz:buildID: 20250327043313, moz:geckodriverVersion: 0.36.0, moz:headless: false, moz:platformVersion: 10.0, moz:processID: 12756, moz:profile: C:\Users\xmedia\AppData\Loc..., moz:shutdownTimeout: 60000, moz:webdriverClick: true, moz:windowless: false, pageLoadStrategy: normal, platformName: windows, proxy: Proxy(), setWindowRect: true, strictFileInteractability: false, timeouts: {implicit: 0, pageLoad: 300000, script: 30000}, unhandledPromptBehavior: dismiss and notify, userAgent: Mozilla/5.0 (Windows NT 10....}
Session ID: 45209234-c0df-4618-b352-07ee30a9603b
at org.openqa.selenium.remote.ErrorCodec.decode(ErrorCodec.java:167)
at org.openqa.selenium.remote.codec.w3c.W3CHttpResponseCodec.decode(W3CHttpResponseCodec.java:138)
at org.openqa.selenium.remote.codec.w3c.W3CHttpResponseCodec.decode(W3CHttpResponseCodec.java:50)
at org.openqa.selenium.remote.HttpCommandExecutor.execute(HttpCommandExecutor.java:215)
at org.openqa.selenium.remote.service.DriverCommandExecutor.invokeExecute(DriverCommandExecutor.java:216)
at org.openqa.selenium.remote.service.DriverCommandExecutor.execute(DriverCommandExecutor.java:174)
at org.openqa.selenium.remote.RemoteWebDriver.execute(RemoteWebDriver.java:545)
at org.openqa.selenium.remote.ElementLocation$ElementFinder$2.findElement(ElementLocation.java:165)
at org.openqa.selenium.remote.ElementLocation.findElement(ElementLocation.java:59)
at org.openqa.selenium.remote.RemoteWebDriver.findElement(RemoteWebDriver.java:368)
at org.openqa.selenium.remote.RemoteWebDriver.findElement(RemoteWebDriver.java:362)
at pageObjectClass.LandingPage.ProductTitle(LandingPage.java:103)
at testBase.LandingPageTest.ProductTitleIsVisiable(LandingPageTest.java:72)
at java.base/java.util.ArrayList.forEach(ArrayList.java:1597)
at java.base/java.util.concurrent.FutureTask.run(FutureTask.java:317)
at java.base/java.util.concurrent.ThreadPoolExecutor.runWorker(ThreadPoolExecutor.java:1144)
at java.base/java.util.concurrent.ThreadPoolExecutor$Worker.run(ThreadPoolExecutor.java:642)
at java.base/java.lang.Thread.run(Thread.java:1575)
... Removed 18 stack frames]]>
    </failure>
  </testcase> <!-- ProductTitleIsVisiable -->
  <testcase classname="testBase.LandingPageTest" name="ShortTheProductHighToLow" time="15.048">
    <failure type="org.openqa.selenium.NoSuchElementException" message="Unable to locate element: .product_sort_container
For documentation on this error, please visit: https://www.selenium.dev/documentation/webdriver/troubleshooting/errors#no-such-element-exception
Build info: version: &amp;apos;4.30.0&amp;apos;, revision: &amp;apos;509c7f17cc*&amp;apos;
System info: os.name: &amp;apos;Windows 10&amp;apos;, os.arch: &amp;apos;amd64&amp;apos;, os.version: &amp;apos;10.0&amp;apos;, java.version: &amp;apos;23.0.1&amp;apos;
Driver info: org.openqa.selenium.firefox.FirefoxDriver
Command: [45209234-c0df-4618-b352-07ee30a9603b, findElement {using=css selector, value=.product_sort_container}]
Capabilities {acceptInsecureCerts: true, browserName: firefox, browserVersion: 137.0, moz:accessibilityChecks: false, moz:buildID: 20250327043313, moz:geckodriverVersion: 0.36.0, moz:headless: false, moz:platformVersion: 10.0, moz:processID: 12756, moz:profile: C:\Users\xmedia\AppData\Loc..., moz:shutdownTimeout: 60000, moz:webdriverClick: true, moz:windowless: false, pageLoadStrategy: normal, platformName: windows, proxy: Proxy(), setWindowRect: true, strictFileInteractability: false, timeouts: {implicit: 0, pageLoad: 300000, script: 30000}, unhandledPromptBehavior: dismiss and notify, userAgent: Mozilla/5.0 (Windows NT 10....}
Session ID: 45209234-c0df-4618-b352-07ee30a9603b">
      <![CDATA[org.openqa.selenium.NoSuchElementException: Unable to locate element: .product_sort_container
For documentation on this error, please visit: https://www.selenium.dev/documentation/webdriver/troubleshooting/errors#no-such-element-exception
Build info: version: '4.30.0', revision: '509c7f17cc*'
System info: os.name: 'Windows 10', os.arch: 'amd64', os.version: '10.0', java.version: '23.0.1'
Driver info: org.openqa.selenium.firefox.FirefoxDriver
Command: [45209234-c0df-4618-b352-07ee30a9603b, findElement {using=css selector, value=.product_sort_container}]
Capabilities {acceptInsecureCerts: true, browserName: firefox, browserVersion: 137.0, moz:accessibilityChecks: false, moz:buildID: 20250327043313, moz:geckodriverVersion: 0.36.0, moz:headless: false, moz:platformVersion: 10.0, moz:processID: 12756, moz:profile: C:\Users\xmedia\AppData\Loc..., moz:shutdownTimeout: 60000, moz:webdriverClick: true, moz:windowless: false, pageLoadStrategy: normal, platformName: windows, proxy: Proxy(), setWindowRect: true, strictFileInteractability: false, timeouts: {implicit: 0, pageLoad: 300000, script: 30000}, unhandledPromptBehavior: dismiss and notify, userAgent: Mozilla/5.0 (Windows NT 10....}
Session ID: 45209234-c0df-4618-b352-07ee30a9603b
at org.openqa.selenium.remote.ErrorCodec.decode(ErrorCodec.java:167)
at org.openqa.selenium.remote.codec.w3c.W3CHttpResponseCodec.decode(W3CHttpResponseCodec.java:138)
at org.openqa.selenium.remote.codec.w3c.W3CHttpResponseCodec.decode(W3CHttpResponseCodec.java:50)
at org.openqa.selenium.remote.HttpCommandExecutor.execute(HttpCommandExecutor.java:215)
at org.openqa.selenium.remote.service.DriverCommandExecutor.invokeExecute(DriverCommandExecutor.java:216)
at org.openqa.selenium.remote.service.DriverCommandExecutor.execute(DriverCommandExecutor.java:174)
at org.openqa.selenium.remote.RemoteWebDriver.execute(RemoteWebDriver.java:545)
at org.openqa.selenium.remote.ElementLocation$ElementFinder$2.findElement(ElementLocation.java:165)
at org.openqa.selenium.remote.ElementLocation.findElement(ElementLocation.java:59)
at org.openqa.selenium.remote.RemoteWebDriver.findElement(RemoteWebDriver.java:368)
at org.openqa.selenium.remote.RemoteWebDriver.findElement(RemoteWebDriver.java:362)
at pageObjectClass.LandingPage.testSortByPriceHighToLow(LandingPage.java:195)
at testBase.LandingPageTest.ShortTheProductHighToLow(LandingPageTest.java:88)
at java.base/java.util.ArrayList.forEach(ArrayList.java:1597)
at java.base/java.util.concurrent.FutureTask.run(FutureTask.java:317)
at java.base/java.util.concurrent.ThreadPoolExecutor.runWorker(ThreadPoolExecutor.java:1144)
at java.base/java.util.concurrent.ThreadPoolExecutor$Worker.run(ThreadPoolExecutor.java:642)
at java.base/java.lang.Thread.run(Thread.java:1575)
... Removed 18 stack frames]]>
    </failure>
  </testcase> <!-- ShortTheProductHighToLow -->
  <testcase classname="testBase.LandingPageTest" name="ShortTheProductLowToHigh" time="15.028">
    <failure type="org.openqa.selenium.NoSuchElementException" message="Unable to locate element: .product_sort_container
For documentation on this error, please visit: https://www.selenium.dev/documentation/webdriver/troubleshooting/errors#no-such-element-exception
Build info: version: &amp;apos;4.30.0&amp;apos;, revision: &amp;apos;509c7f17cc*&amp;apos;
System info: os.name: &amp;apos;Windows 10&amp;apos;, os.arch: &amp;apos;amd64&amp;apos;, os.version: &amp;apos;10.0&amp;apos;, java.version: &amp;apos;23.0.1&amp;apos;
Driver info: org.openqa.selenium.firefox.FirefoxDriver
Command: [45209234-c0df-4618-b352-07ee30a9603b, findElement {using=css selector, value=.product_sort_container}]
Capabilities {acceptInsecureCerts: true, browserName: firefox, browserVersion: 137.0, moz:accessibilityChecks: false, moz:buildID: 20250327043313, moz:geckodriverVersion: 0.36.0, moz:headless: false, moz:platformVersion: 10.0, moz:processID: 12756, moz:profile: C:\Users\xmedia\AppData\Loc..., moz:shutdownTimeout: 60000, moz:webdriverClick: true, moz:windowless: false, pageLoadStrategy: normal, platformName: windows, proxy: Proxy(), setWindowRect: true, strictFileInteractability: false, timeouts: {implicit: 0, pageLoad: 300000, script: 30000}, unhandledPromptBehavior: dismiss and notify, userAgent: Mozilla/5.0 (Windows NT 10....}
Session ID: 45209234-c0df-4618-b352-07ee30a9603b">
      <![CDATA[org.openqa.selenium.NoSuchElementException: Unable to locate element: .product_sort_container
For documentation on this error, please visit: https://www.selenium.dev/documentation/webdriver/troubleshooting/errors#no-such-element-exception
Build info: version: '4.30.0', revision: '509c7f17cc*'
System info: os.name: 'Windows 10', os.arch: 'amd64', os.version: '10.0', java.version: '23.0.1'
Driver info: org.openqa.selenium.firefox.FirefoxDriver
Command: [45209234-c0df-4618-b352-07ee30a9603b, findElement {using=css selector, value=.product_sort_container}]
Capabilities {acceptInsecureCerts: true, browserName: firefox, browserVersion: 137.0, moz:accessibilityChecks: false, moz:buildID: 20250327043313, moz:geckodriverVersion: 0.36.0, moz:headless: false, moz:platformVersion: 10.0, moz:processID: 12756, moz:profile: C:\Users\xmedia\AppData\Loc..., moz:shutdownTimeout: 60000, moz:webdriverClick: true, moz:windowless: false, pageLoadStrategy: normal, platformName: windows, proxy: Proxy(), setWindowRect: true, strictFileInteractability: false, timeouts: {implicit: 0, pageLoad: 300000, script: 30000}, unhandledPromptBehavior: dismiss and notify, userAgent: Mozilla/5.0 (Windows NT 10....}
Session ID: 45209234-c0df-4618-b352-07ee30a9603b
at org.openqa.selenium.remote.ErrorCodec.decode(ErrorCodec.java:167)
at org.openqa.selenium.remote.codec.w3c.W3CHttpResponseCodec.decode(W3CHttpResponseCodec.java:138)
at org.openqa.selenium.remote.codec.w3c.W3CHttpResponseCodec.decode(W3CHttpResponseCodec.java:50)
at org.openqa.selenium.remote.HttpCommandExecutor.execute(HttpCommandExecutor.java:215)
at org.openqa.selenium.remote.service.DriverCommandExecutor.invokeExecute(DriverCommandExecutor.java:216)
at org.openqa.selenium.remote.service.DriverCommandExecutor.execute(DriverCommandExecutor.java:174)
at org.openqa.selenium.remote.RemoteWebDriver.execute(RemoteWebDriver.java:545)
at org.openqa.selenium.remote.ElementLocation$ElementFinder$2.findElement(ElementLocation.java:165)
at org.openqa.selenium.remote.ElementLocation.findElement(ElementLocation.java:59)
at org.openqa.selenium.remote.RemoteWebDriver.findElement(RemoteWebDriver.java:368)
at org.openqa.selenium.remote.RemoteWebDriver.findElement(RemoteWebDriver.java:362)
at pageObjectClass.LandingPage.testSortByPriceLowToHigh(LandingPage.java:167)
at testBase.LandingPageTest.ShortTheProductLowToHigh(LandingPageTest.java:93)
at java.base/java.util.ArrayList.forEach(ArrayList.java:1597)
at java.base/java.util.concurrent.FutureTask.run(FutureTask.java:317)
at java.base/java.util.concurrent.ThreadPoolExecutor.runWorker(ThreadPoolExecutor.java:1144)
at java.base/java.util.concurrent.ThreadPoolExecutor$Worker.run(ThreadPoolExecutor.java:642)
at java.base/java.lang.Thread.run(Thread.java:1575)
... Removed 18 stack frames]]>
    </failure>
  </testcase> <!-- ShortTheProductLowToHigh -->
  <testcase classname="testBase.LandingPageTest" name="ShortTheProductNameAZ" time="15.037">
    <failure type="org.openqa.selenium.NoSuchElementException" message="Unable to locate element: .product_sort_container
For documentation on this error, please visit: https://www.selenium.dev/documentation/webdriver/troubleshooting/errors#no-such-element-exception
Build info: version: &amp;apos;4.30.0&amp;apos;, revision: &amp;apos;509c7f17cc*&amp;apos;
System info: os.name: &amp;apos;Windows 10&amp;apos;, os.arch: &amp;apos;amd64&amp;apos;, os.version: &amp;apos;10.0&amp;apos;, java.version: &amp;apos;23.0.1&amp;apos;
Driver info: org.openqa.selenium.firefox.FirefoxDriver
Command: [45209234-c0df-4618-b352-07ee30a9603b, findElement {using=css selector, value=.product_sort_container}]
Capabilities {acceptInsecureCerts: true, browserName: firefox, browserVersion: 137.0, moz:accessibilityChecks: false, moz:buildID: 20250327043313, moz:geckodriverVersion: 0.36.0, moz:headless: false, moz:platformVersion: 10.0, moz:processID: 12756, moz:profile: C:\Users\xmedia\AppData\Loc..., moz:shutdownTimeout: 60000, moz:webdriverClick: true, moz:windowless: false, pageLoadStrategy: normal, platformName: windows, proxy: Proxy(), setWindowRect: true, strictFileInteractability: false, timeouts: {implicit: 0, pageLoad: 300000, script: 30000}, unhandledPromptBehavior: dismiss and notify, userAgent: Mozilla/5.0 (Windows NT 10....}
Session ID: 45209234-c0df-4618-b352-07ee30a9603b">
      <![CDATA[org.openqa.selenium.NoSuchElementException: Unable to locate element: .product_sort_container
For documentation on this error, please visit: https://www.selenium.dev/documentation/webdriver/troubleshooting/errors#no-such-element-exception
Build info: version: '4.30.0', revision: '509c7f17cc*'
System info: os.name: 'Windows 10', os.arch: 'amd64', os.version: '10.0', java.version: '23.0.1'
Driver info: org.openqa.selenium.firefox.FirefoxDriver
Command: [45209234-c0df-4618-b352-07ee30a9603b, findElement {using=css selector, value=.product_sort_container}]
Capabilities {acceptInsecureCerts: true, browserName: firefox, browserVersion: 137.0, moz:accessibilityChecks: false, moz:buildID: 20250327043313, moz:geckodriverVersion: 0.36.0, moz:headless: false, moz:platformVersion: 10.0, moz:processID: 12756, moz:profile: C:\Users\xmedia\AppData\Loc..., moz:shutdownTimeout: 60000, moz:webdriverClick: true, moz:windowless: false, pageLoadStrategy: normal, platformName: windows, proxy: Proxy(), setWindowRect: true, strictFileInteractability: false, timeouts: {implicit: 0, pageLoad: 300000, script: 30000}, unhandledPromptBehavior: dismiss and notify, userAgent: Mozilla/5.0 (Windows NT 10....}
Session ID: 45209234-c0df-4618-b352-07ee30a9603b
at org.openqa.selenium.remote.ErrorCodec.decode(ErrorCodec.java:167)
at org.openqa.selenium.remote.codec.w3c.W3CHttpResponseCodec.decode(W3CHttpResponseCodec.java:138)
at org.openqa.selenium.remote.codec.w3c.W3CHttpResponseCodec.decode(W3CHttpResponseCodec.java:50)
at org.openqa.selenium.remote.HttpCommandExecutor.execute(HttpCommandExecutor.java:215)
at org.openqa.selenium.remote.service.DriverCommandExecutor.invokeExecute(DriverCommandExecutor.java:216)
at org.openqa.selenium.remote.service.DriverCommandExecutor.execute(DriverCommandExecutor.java:174)
at org.openqa.selenium.remote.RemoteWebDriver.execute(RemoteWebDriver.java:545)
at org.openqa.selenium.remote.ElementLocation$ElementFinder$2.findElement(ElementLocation.java:165)
at org.openqa.selenium.remote.ElementLocation.findElement(ElementLocation.java:59)
at org.openqa.selenium.remote.RemoteWebDriver.findElement(RemoteWebDriver.java:368)
at org.openqa.selenium.remote.RemoteWebDriver.findElement(RemoteWebDriver.java:362)
at pageObjectClass.LandingPage.testSortByNameAZ(LandingPage.java:111)
at testBase.LandingPageTest.ShortTheProductNameAZ(LandingPageTest.java:78)
at java.base/java.util.ArrayList.forEach(ArrayList.java:1597)
at java.base/java.util.concurrent.FutureTask.run(FutureTask.java:317)
at java.base/java.util.concurrent.ThreadPoolExecutor.runWorker(ThreadPoolExecutor.java:1144)
at java.base/java.util.concurrent.ThreadPoolExecutor$Worker.run(ThreadPoolExecutor.java:642)
at java.base/java.lang.Thread.run(Thread.java:1575)
... Removed 18 stack frames]]>
    </failure>
  </testcase> <!-- ShortTheProductNameAZ -->
  <testcase classname="testBase.LandingPageTest" name="ShortTheProductNameZA" time="3.433">
    <failure type="org.openqa.selenium.NoSuchWindowException" message="BrowsingContext does no longer exist
Build info: version: &amp;apos;4.30.0&amp;apos;, revision: &amp;apos;509c7f17cc*&amp;apos;
System info: os.name: &amp;apos;Windows 10&amp;apos;, os.arch: &amp;apos;amd64&amp;apos;, os.version: &amp;apos;10.0&amp;apos;, java.version: &amp;apos;23.0.1&amp;apos;
Driver info: org.openqa.selenium.firefox.FirefoxDriver
Command: [45209234-c0df-4618-b352-07ee30a9603b, findElement {using=css selector, value=.product_sort_container}]
Capabilities {acceptInsecureCerts: true, browserName: firefox, browserVersion: 137.0, moz:accessibilityChecks: false, moz:buildID: 20250327043313, moz:geckodriverVersion: 0.36.0, moz:headless: false, moz:platformVersion: 10.0, moz:processID: 12756, moz:profile: C:\Users\xmedia\AppData\Loc..., moz:shutdownTimeout: 60000, moz:webdriverClick: true, moz:windowless: false, pageLoadStrategy: normal, platformName: windows, proxy: Proxy(), setWindowRect: true, strictFileInteractability: false, timeouts: {implicit: 0, pageLoad: 300000, script: 30000}, unhandledPromptBehavior: dismiss and notify, userAgent: Mozilla/5.0 (Windows NT 10....}
Session ID: 45209234-c0df-4618-b352-07ee30a9603b">
      <![CDATA[org.openqa.selenium.NoSuchWindowException: BrowsingContext does no longer exist
Build info: version: '4.30.0', revision: '509c7f17cc*'
System info: os.name: 'Windows 10', os.arch: 'amd64', os.version: '10.0', java.version: '23.0.1'
Driver info: org.openqa.selenium.firefox.FirefoxDriver
Command: [45209234-c0df-4618-b352-07ee30a9603b, findElement {using=css selector, value=.product_sort_container}]
Capabilities {acceptInsecureCerts: true, browserName: firefox, browserVersion: 137.0, moz:accessibilityChecks: false, moz:buildID: 20250327043313, moz:geckodriverVersion: 0.36.0, moz:headless: false, moz:platformVersion: 10.0, moz:processID: 12756, moz:profile: C:\Users\xmedia\AppData\Loc..., moz:shutdownTimeout: 60000, moz:webdriverClick: true, moz:windowless: false, pageLoadStrategy: normal, platformName: windows, proxy: Proxy(), setWindowRect: true, strictFileInteractability: false, timeouts: {implicit: 0, pageLoad: 300000, script: 30000}, unhandledPromptBehavior: dismiss and notify, userAgent: Mozilla/5.0 (Windows NT 10....}
Session ID: 45209234-c0df-4618-b352-07ee30a9603b
at org.openqa.selenium.remote.ErrorCodec.decode(ErrorCodec.java:167)
at org.openqa.selenium.remote.codec.w3c.W3CHttpResponseCodec.decode(W3CHttpResponseCodec.java:138)
at org.openqa.selenium.remote.codec.w3c.W3CHttpResponseCodec.decode(W3CHttpResponseCodec.java:50)
at org.openqa.selenium.remote.HttpCommandExecutor.execute(HttpCommandExecutor.java:215)
at org.openqa.selenium.remote.service.DriverCommandExecutor.invokeExecute(DriverCommandExecutor.java:216)
at org.openqa.selenium.remote.service.DriverCommandExecutor.execute(DriverCommandExecutor.java:174)
at org.openqa.selenium.remote.RemoteWebDriver.execute(RemoteWebDriver.java:545)
at org.openqa.selenium.remote.ElementLocation$ElementFinder$2.findElement(ElementLocation.java:165)
at org.openqa.selenium.remote.ElementLocation.findElement(ElementLocation.java:59)
at org.openqa.selenium.remote.RemoteWebDriver.findElement(RemoteWebDriver.java:368)
at org.openqa.selenium.remote.RemoteWebDriver.findElement(RemoteWebDriver.java:362)
at pageObjectClass.LandingPage.testSortByNameZA(LandingPage.java:139)
at testBase.LandingPageTest.ShortTheProductNameZA(LandingPageTest.java:83)
at java.base/java.util.ArrayList.forEach(ArrayList.java:1597)
at java.base/java.util.concurrent.FutureTask.run(FutureTask.java:317)
at java.base/java.util.concurrent.ThreadPoolExecutor.runWorker(ThreadPoolExecutor.java:1144)
at java.base/java.util.concurrent.ThreadPoolExecutor$Worker.run(ThreadPoolExecutor.java:642)
at java.base/java.lang.Thread.run(Thread.java:1575)
... Removed 18 stack frames]]>
    </failure>
  </testcase> <!-- ShortTheProductNameZA -->
  <testcase classname="testBase.LandingPageTest" name="VerifytheHomePage" time="0.063">
    <failure type="org.openqa.selenium.WebDriverException" message="Failed to decode response from marionette
Build info: version: &amp;apos;4.30.0&amp;apos;, revision: &amp;apos;509c7f17cc*&amp;apos;
System info: os.name: &amp;apos;Windows 10&amp;apos;, os.arch: &amp;apos;amd64&amp;apos;, os.version: &amp;apos;10.0&amp;apos;, java.version: &amp;apos;23.0.1&amp;apos;
Driver info: org.openqa.selenium.firefox.FirefoxDriver
Command: [45209234-c0df-4618-b352-07ee30a9603b, findElement {using=class name, value=app_logo}]
Capabilities {acceptInsecureCerts: true, browserName: firefox, browserVersion: 137.0, moz:accessibilityChecks: false, moz:buildID: 20250327043313, moz:geckodriverVersion: 0.36.0, moz:headless: false, moz:platformVersion: 10.0, moz:processID: 12756, moz:profile: C:\Users\xmedia\AppData\Loc..., moz:shutdownTimeout: 60000, moz:webdriverClick: true, moz:windowless: false, pageLoadStrategy: normal, platformName: windows, proxy: Proxy(), setWindowRect: true, strictFileInteractability: false, timeouts: {implicit: 0, pageLoad: 300000, script: 30000}, unhandledPromptBehavior: dismiss and notify, userAgent: Mozilla/5.0 (Windows NT 10....}
Session ID: 45209234-c0df-4618-b352-07ee30a9603b">
      <![CDATA[org.openqa.selenium.WebDriverException: Failed to decode response from marionette
Build info: version: '4.30.0', revision: '509c7f17cc*'
System info: os.name: 'Windows 10', os.arch: 'amd64', os.version: '10.0', java.version: '23.0.1'
Driver info: org.openqa.selenium.firefox.FirefoxDriver
Command: [45209234-c0df-4618-b352-07ee30a9603b, findElement {using=class name, value=app_logo}]
Capabilities {acceptInsecureCerts: true, browserName: firefox, browserVersion: 137.0, moz:accessibilityChecks: false, moz:buildID: 20250327043313, moz:geckodriverVersion: 0.36.0, moz:headless: false, moz:platformVersion: 10.0, moz:processID: 12756, moz:profile: C:\Users\xmedia\AppData\Loc..., moz:shutdownTimeout: 60000, moz:webdriverClick: true, moz:windowless: false, pageLoadStrategy: normal, platformName: windows, proxy: Proxy(), setWindowRect: true, strictFileInteractability: false, timeouts: {implicit: 0, pageLoad: 300000, script: 30000}, unhandledPromptBehavior: dismiss and notify, userAgent: Mozilla/5.0 (Windows NT 10....}
Session ID: 45209234-c0df-4618-b352-07ee30a9603b
at org.openqa.selenium.remote.ErrorCodec.decode(ErrorCodec.java:167)
at org.openqa.selenium.remote.codec.w3c.W3CHttpResponseCodec.decode(W3CHttpResponseCodec.java:138)
at org.openqa.selenium.remote.codec.w3c.W3CHttpResponseCodec.decode(W3CHttpResponseCodec.java:50)
at org.openqa.selenium.remote.HttpCommandExecutor.execute(HttpCommandExecutor.java:215)
at org.openqa.selenium.remote.service.DriverCommandExecutor.invokeExecute(DriverCommandExecutor.java:216)
at org.openqa.selenium.remote.service.DriverCommandExecutor.execute(DriverCommandExecutor.java:174)
at org.openqa.selenium.remote.RemoteWebDriver.execute(RemoteWebDriver.java:545)
at org.openqa.selenium.remote.ElementLocation$ElementFinder$2.findElement(ElementLocation.java:165)
at org.openqa.selenium.remote.ElementLocation.findElement(ElementLocation.java:59)
at org.openqa.selenium.remote.RemoteWebDriver.findElement(RemoteWebDriver.java:368)
at org.openqa.selenium.remote.RemoteWebDriver.findElement(RemoteWebDriver.java:362)
at pageObjectClass.LandingPage.AppLogo(LandingPage.java:97)
at testBase.LandingPageTest.VerifytheHomePage(LandingPageTest.java:27)
at java.base/java.util.ArrayList.forEach(ArrayList.java:1597)
at java.base/java.util.concurrent.FutureTask.run(FutureTask.java:317)
at java.base/java.util.concurrent.ThreadPoolExecutor.runWorker(ThreadPoolExecutor.java:1144)
at java.base/java.util.concurrent.ThreadPoolExecutor$Worker.run(ThreadPoolExecutor.java:642)
at java.base/java.lang.Thread.run(Thread.java:1575)
... Removed 18 stack frames]]>
    </failure>
  </testcase> <!-- VerifytheHomePage -->
  <testcase classname="testBase.LandingPageTest" name="clickTheAllItemMenu" time="0.021">
    <failure type="org.openqa.selenium.NoSuchSessionException" message="Tried to run command without establishing a connection
Build info: version: &amp;apos;4.30.0&amp;apos;, revision: &amp;apos;509c7f17cc*&amp;apos;
System info: os.name: &amp;apos;Windows 10&amp;apos;, os.arch: &amp;apos;amd64&amp;apos;, os.version: &amp;apos;10.0&amp;apos;, java.version: &amp;apos;23.0.1&amp;apos;
Driver info: org.openqa.selenium.firefox.FirefoxDriver
Command: [45209234-c0df-4618-b352-07ee30a9603b, findElement {using=id, value=react-burger-menu-btn}]
Capabilities {acceptInsecureCerts: true, browserName: firefox, browserVersion: 137.0, moz:accessibilityChecks: false, moz:buildID: 20250327043313, moz:geckodriverVersion: 0.36.0, moz:headless: false, moz:platformVersion: 10.0, moz:processID: 12756, moz:profile: C:\Users\xmedia\AppData\Loc..., moz:shutdownTimeout: 60000, moz:webdriverClick: true, moz:windowless: false, pageLoadStrategy: normal, platformName: windows, proxy: Proxy(), setWindowRect: true, strictFileInteractability: false, timeouts: {implicit: 0, pageLoad: 300000, script: 30000}, unhandledPromptBehavior: dismiss and notify, userAgent: Mozilla/5.0 (Windows NT 10....}
Session ID: 45209234-c0df-4618-b352-07ee30a9603b">
      <![CDATA[org.openqa.selenium.NoSuchSessionException: Tried to run command without establishing a connection
Build info: version: '4.30.0', revision: '509c7f17cc*'
System info: os.name: 'Windows 10', os.arch: 'amd64', os.version: '10.0', java.version: '23.0.1'
Driver info: org.openqa.selenium.firefox.FirefoxDriver
Command: [45209234-c0df-4618-b352-07ee30a9603b, findElement {using=id, value=react-burger-menu-btn}]
Capabilities {acceptInsecureCerts: true, browserName: firefox, browserVersion: 137.0, moz:accessibilityChecks: false, moz:buildID: 20250327043313, moz:geckodriverVersion: 0.36.0, moz:headless: false, moz:platformVersion: 10.0, moz:processID: 12756, moz:profile: C:\Users\xmedia\AppData\Loc..., moz:shutdownTimeout: 60000, moz:webdriverClick: true, moz:windowless: false, pageLoadStrategy: normal, platformName: windows, proxy: Proxy(), setWindowRect: true, strictFileInteractability: false, timeouts: {implicit: 0, pageLoad: 300000, script: 30000}, unhandledPromptBehavior: dismiss and notify, userAgent: Mozilla/5.0 (Windows NT 10....}
Session ID: 45209234-c0df-4618-b352-07ee30a9603b
at org.openqa.selenium.remote.ErrorCodec.decode(ErrorCodec.java:167)
at org.openqa.selenium.remote.codec.w3c.W3CHttpResponseCodec.decode(W3CHttpResponseCodec.java:138)
at org.openqa.selenium.remote.codec.w3c.W3CHttpResponseCodec.decode(W3CHttpResponseCodec.java:50)
at org.openqa.selenium.remote.HttpCommandExecutor.execute(HttpCommandExecutor.java:215)
at org.openqa.selenium.remote.service.DriverCommandExecutor.invokeExecute(DriverCommandExecutor.java:216)
at org.openqa.selenium.remote.service.DriverCommandExecutor.execute(DriverCommandExecutor.java:174)
at org.openqa.selenium.remote.RemoteWebDriver.execute(RemoteWebDriver.java:545)
at org.openqa.selenium.remote.ElementLocation$ElementFinder$2.findElement(ElementLocation.java:165)
at org.openqa.selenium.remote.ElementLocation.findElement(ElementLocation.java:66)
at org.openqa.selenium.remote.RemoteWebDriver.findElement(RemoteWebDriver.java:368)
at org.openqa.selenium.remote.RemoteWebDriver.findElement(RemoteWebDriver.java:362)
at pageObjectClass.LandingPage.clickTheMenuIcon(LandingPage.java:42)
at testBase.LandingPageTest.clickTheAllItemMenu(LandingPageTest.java:47)
at java.base/java.util.ArrayList.forEach(ArrayList.java:1597)
at java.base/java.util.concurrent.FutureTask.run(FutureTask.java:317)
at java.base/java.util.concurrent.ThreadPoolExecutor.runWorker(ThreadPoolExecutor.java:1144)
at java.base/java.util.concurrent.ThreadPoolExecutor$Worker.run(ThreadPoolExecutor.java:642)
at java.base/java.lang.Thread.run(Thread.java:1575)
... Removed 18 stack frames]]>
    </failure>
  </testcase> <!-- clickTheAllItemMenu -->
  <testcase classname="testBase.LandingPageTest" name="clickTheAppStoreReset" time="0.02">
    <failure type="org.openqa.selenium.NoSuchSessionException" message="Tried to run command without establishing a connection
Build info: version: &amp;apos;4.30.0&amp;apos;, revision: &amp;apos;509c7f17cc*&amp;apos;
System info: os.name: &amp;apos;Windows 10&amp;apos;, os.arch: &amp;apos;amd64&amp;apos;, os.version: &amp;apos;10.0&amp;apos;, java.version: &amp;apos;23.0.1&amp;apos;
Driver info: org.openqa.selenium.firefox.FirefoxDriver
Command: [45209234-c0df-4618-b352-07ee30a9603b, findElement {using=id, value=reset_sidebar_link}]
Capabilities {acceptInsecureCerts: true, browserName: firefox, browserVersion: 137.0, moz:accessibilityChecks: false, moz:buildID: 20250327043313, moz:geckodriverVersion: 0.36.0, moz:headless: false, moz:platformVersion: 10.0, moz:processID: 12756, moz:profile: C:\Users\xmedia\AppData\Loc..., moz:shutdownTimeout: 60000, moz:webdriverClick: true, moz:windowless: false, pageLoadStrategy: normal, platformName: windows, proxy: Proxy(), setWindowRect: true, strictFileInteractability: false, timeouts: {implicit: 0, pageLoad: 300000, script: 30000}, unhandledPromptBehavior: dismiss and notify, userAgent: Mozilla/5.0 (Windows NT 10....}
Session ID: 45209234-c0df-4618-b352-07ee30a9603b">
      <![CDATA[org.openqa.selenium.NoSuchSessionException: Tried to run command without establishing a connection
Build info: version: '4.30.0', revision: '509c7f17cc*'
System info: os.name: 'Windows 10', os.arch: 'amd64', os.version: '10.0', java.version: '23.0.1'
Driver info: org.openqa.selenium.firefox.FirefoxDriver
Command: [45209234-c0df-4618-b352-07ee30a9603b, findElement {using=id, value=reset_sidebar_link}]
Capabilities {acceptInsecureCerts: true, browserName: firefox, browserVersion: 137.0, moz:accessibilityChecks: false, moz:buildID: 20250327043313, moz:geckodriverVersion: 0.36.0, moz:headless: false, moz:platformVersion: 10.0, moz:processID: 12756, moz:profile: C:\Users\xmedia\AppData\Loc..., moz:shutdownTimeout: 60000, moz:webdriverClick: true, moz:windowless: false, pageLoadStrategy: normal, platformName: windows, proxy: Proxy(), setWindowRect: true, strictFileInteractability: false, timeouts: {implicit: 0, pageLoad: 300000, script: 30000}, unhandledPromptBehavior: dismiss and notify, userAgent: Mozilla/5.0 (Windows NT 10....}
Session ID: 45209234-c0df-4618-b352-07ee30a9603b
at org.openqa.selenium.remote.ErrorCodec.decode(ErrorCodec.java:167)
at org.openqa.selenium.remote.codec.w3c.W3CHttpResponseCodec.decode(W3CHttpResponseCodec.java:138)
at org.openqa.selenium.remote.codec.w3c.W3CHttpResponseCodec.decode(W3CHttpResponseCodec.java:50)
at org.openqa.selenium.remote.HttpCommandExecutor.execute(HttpCommandExecutor.java:215)
at org.openqa.selenium.remote.service.DriverCommandExecutor.invokeExecute(DriverCommandExecutor.java:216)
at org.openqa.selenium.remote.service.DriverCommandExecutor.execute(DriverCommandExecutor.java:174)
at org.openqa.selenium.remote.RemoteWebDriver.execute(RemoteWebDriver.java:545)
at org.openqa.selenium.remote.ElementLocation$ElementFinder$2.findElement(ElementLocation.java:165)
at org.openqa.selenium.remote.ElementLocation.findElement(ElementLocation.java:66)
at org.openqa.selenium.remote.RemoteWebDriver.findElement(RemoteWebDriver.java:368)
at org.openqa.selenium.remote.RemoteWebDriver.findElement(RemoteWebDriver.java:362)
at pageObjectClass.LandingPage.clickTheMenuResetAppstore(LandingPage.java:82)
at testBase.LandingPageTest.clickTheAppStoreReset(LandingPageTest.java:66)
at java.base/java.util.ArrayList.forEach(ArrayList.java:1597)
at java.base/java.util.concurrent.FutureTask.run(FutureTask.java:317)
at java.base/java.util.concurrent.ThreadPoolExecutor.runWorker(ThreadPoolExecutor.java:1144)
at java.base/java.util.concurrent.ThreadPoolExecutor$Worker.run(ThreadPoolExecutor.java:642)
at java.base/java.lang.Thread.run(Thread.java:1575)
... Removed 18 stack frames]]>
    </failure>
  </testcase> <!-- clickTheAppStoreReset -->
  <testcase classname="testBase.LandingPageTest" name="clickTheMenuverified" time="0.02">
    <failure type="org.openqa.selenium.NoSuchSessionException" message="Tried to run command without establishing a connection
Build info: version: &amp;apos;4.30.0&amp;apos;, revision: &amp;apos;509c7f17cc*&amp;apos;
System info: os.name: &amp;apos;Windows 10&amp;apos;, os.arch: &amp;apos;amd64&amp;apos;, os.version: &amp;apos;10.0&amp;apos;, java.version: &amp;apos;23.0.1&amp;apos;
Driver info: org.openqa.selenium.firefox.FirefoxDriver
Command: [45209234-c0df-4618-b352-07ee30a9603b, findElement {using=id, value=react-burger-menu-btn}]
Capabilities {acceptInsecureCerts: true, browserName: firefox, browserVersion: 137.0, moz:accessibilityChecks: false, moz:buildID: 20250327043313, moz:geckodriverVersion: 0.36.0, moz:headless: false, moz:platformVersion: 10.0, moz:processID: 12756, moz:profile: C:\Users\xmedia\AppData\Loc..., moz:shutdownTimeout: 60000, moz:webdriverClick: true, moz:windowless: false, pageLoadStrategy: normal, platformName: windows, proxy: Proxy(), setWindowRect: true, strictFileInteractability: false, timeouts: {implicit: 0, pageLoad: 300000, script: 30000}, unhandledPromptBehavior: dismiss and notify, userAgent: Mozilla/5.0 (Windows NT 10....}
Session ID: 45209234-c0df-4618-b352-07ee30a9603b">
      <![CDATA[org.openqa.selenium.NoSuchSessionException: Tried to run command without establishing a connection
Build info: version: '4.30.0', revision: '509c7f17cc*'
System info: os.name: 'Windows 10', os.arch: 'amd64', os.version: '10.0', java.version: '23.0.1'
Driver info: org.openqa.selenium.firefox.FirefoxDriver
Command: [45209234-c0df-4618-b352-07ee30a9603b, findElement {using=id, value=react-burger-menu-btn}]
Capabilities {acceptInsecureCerts: true, browserName: firefox, browserVersion: 137.0, moz:accessibilityChecks: false, moz:buildID: 20250327043313, moz:geckodriverVersion: 0.36.0, moz:headless: false, moz:platformVersion: 10.0, moz:processID: 12756, moz:profile: C:\Users\xmedia\AppData\Loc..., moz:shutdownTimeout: 60000, moz:webdriverClick: true, moz:windowless: false, pageLoadStrategy: normal, platformName: windows, proxy: Proxy(), setWindowRect: true, strictFileInteractability: false, timeouts: {implicit: 0, pageLoad: 300000, script: 30000}, unhandledPromptBehavior: dismiss and notify, userAgent: Mozilla/5.0 (Windows NT 10....}
Session ID: 45209234-c0df-4618-b352-07ee30a9603b
at org.openqa.selenium.remote.ErrorCodec.decode(ErrorCodec.java:167)
at org.openqa.selenium.remote.codec.w3c.W3CHttpResponseCodec.decode(W3CHttpResponseCodec.java:138)
at org.openqa.selenium.remote.codec.w3c.W3CHttpResponseCodec.decode(W3CHttpResponseCodec.java:50)
at org.openqa.selenium.remote.HttpCommandExecutor.execute(HttpCommandExecutor.java:215)
at org.openqa.selenium.remote.service.DriverCommandExecutor.invokeExecute(DriverCommandExecutor.java:216)
at org.openqa.selenium.remote.service.DriverCommandExecutor.execute(DriverCommandExecutor.java:174)
at org.openqa.selenium.remote.RemoteWebDriver.execute(RemoteWebDriver.java:545)
at org.openqa.selenium.remote.ElementLocation$ElementFinder$2.findElement(ElementLocation.java:165)
at org.openqa.selenium.remote.ElementLocation.findElement(ElementLocation.java:66)
at org.openqa.selenium.remote.RemoteWebDriver.findElement(RemoteWebDriver.java:368)
at org.openqa.selenium.remote.RemoteWebDriver.findElement(RemoteWebDriver.java:362)
at pageObjectClass.LandingPage.clickTheMenuIcon(LandingPage.java:42)
at testBase.LandingPageTest.clickTheMenuverified(LandingPageTest.java:34)
at java.base/java.util.ArrayList.forEach(ArrayList.java:1597)
at java.base/java.util.concurrent.FutureTask.run(FutureTask.java:317)
at java.base/java.util.concurrent.ThreadPoolExecutor.runWorker(ThreadPoolExecutor.java:1144)
at java.base/java.util.concurrent.ThreadPoolExecutor$Worker.run(ThreadPoolExecutor.java:642)
at java.base/java.lang.Thread.run(Thread.java:1575)
... Removed 18 stack frames]]>
    </failure>
  </testcase> <!-- clickTheMenuverified -->
  <testcase classname="testBase.LandingPageTest" name="clickTheclose" time="0.019">
    <failure type="org.openqa.selenium.NoSuchSessionException" message="Tried to run command without establishing a connection
Build info: version: &amp;apos;4.30.0&amp;apos;, revision: &amp;apos;509c7f17cc*&amp;apos;
System info: os.name: &amp;apos;Windows 10&amp;apos;, os.arch: &amp;apos;amd64&amp;apos;, os.version: &amp;apos;10.0&amp;apos;, java.version: &amp;apos;23.0.1&amp;apos;
Driver info: org.openqa.selenium.firefox.FirefoxDriver
Command: [45209234-c0df-4618-b352-07ee30a9603b, findElement {using=id, value=react-burger-cross-btn}]
Capabilities {acceptInsecureCerts: true, browserName: firefox, browserVersion: 137.0, moz:accessibilityChecks: false, moz:buildID: 20250327043313, moz:geckodriverVersion: 0.36.0, moz:headless: false, moz:platformVersion: 10.0, moz:processID: 12756, moz:profile: C:\Users\xmedia\AppData\Loc..., moz:shutdownTimeout: 60000, moz:webdriverClick: true, moz:windowless: false, pageLoadStrategy: normal, platformName: windows, proxy: Proxy(), setWindowRect: true, strictFileInteractability: false, timeouts: {implicit: 0, pageLoad: 300000, script: 30000}, unhandledPromptBehavior: dismiss and notify, userAgent: Mozilla/5.0 (Windows NT 10....}
Session ID: 45209234-c0df-4618-b352-07ee30a9603b">
      <![CDATA[org.openqa.selenium.NoSuchSessionException: Tried to run command without establishing a connection
Build info: version: '4.30.0', revision: '509c7f17cc*'
System info: os.name: 'Windows 10', os.arch: 'amd64', os.version: '10.0', java.version: '23.0.1'
Driver info: org.openqa.selenium.firefox.FirefoxDriver
Command: [45209234-c0df-4618-b352-07ee30a9603b, findElement {using=id, value=react-burger-cross-btn}]
Capabilities {acceptInsecureCerts: true, browserName: firefox, browserVersion: 137.0, moz:accessibilityChecks: false, moz:buildID: 20250327043313, moz:geckodriverVersion: 0.36.0, moz:headless: false, moz:platformVersion: 10.0, moz:processID: 12756, moz:profile: C:\Users\xmedia\AppData\Loc..., moz:shutdownTimeout: 60000, moz:webdriverClick: true, moz:windowless: false, pageLoadStrategy: normal, platformName: windows, proxy: Proxy(), setWindowRect: true, strictFileInteractability: false, timeouts: {implicit: 0, pageLoad: 300000, script: 30000}, unhandledPromptBehavior: dismiss and notify, userAgent: Mozilla/5.0 (Windows NT 10....}
Session ID: 45209234-c0df-4618-b352-07ee30a9603b
at org.openqa.selenium.remote.ErrorCodec.decode(ErrorCodec.java:167)
at org.openqa.selenium.remote.codec.w3c.W3CHttpResponseCodec.decode(W3CHttpResponseCodec.java:138)
at org.openqa.selenium.remote.codec.w3c.W3CHttpResponseCodec.decode(W3CHttpResponseCodec.java:50)
at org.openqa.selenium.remote.HttpCommandExecutor.execute(HttpCommandExecutor.java:215)
at org.openqa.selenium.remote.service.DriverCommandExecutor.invokeExecute(DriverCommandExecutor.java:216)
at org.openqa.selenium.remote.service.DriverCommandExecutor.execute(DriverCommandExecutor.java:174)
at org.openqa.selenium.remote.RemoteWebDriver.execute(RemoteWebDriver.java:545)
at org.openqa.selenium.remote.ElementLocation$ElementFinder$2.findElement(ElementLocation.java:165)
at org.openqa.selenium.remote.ElementLocation.findElement(ElementLocation.java:66)
at org.openqa.selenium.remote.RemoteWebDriver.findElement(RemoteWebDriver.java:368)
at org.openqa.selenium.remote.RemoteWebDriver.findElement(RemoteWebDriver.java:362)
at pageObjectClass.LandingPage.clickTheMenuClose(LandingPage.java:66)
at testBase.LandingPageTest.clickTheclose(LandingPageTest.java:41)
at java.base/java.util.ArrayList.forEach(ArrayList.java:1597)
at java.base/java.util.concurrent.FutureTask.run(FutureTask.java:317)
at java.base/java.util.concurrent.ThreadPoolExecutor.runWorker(ThreadPoolExecutor.java:1144)
at java.base/java.util.concurrent.ThreadPoolExecutor$Worker.run(ThreadPoolExecutor.java:642)
at java.base/java.lang.Thread.run(Thread.java:1575)
... Removed 18 stack frames]]>
    </failure>
  </testcase> <!-- clickTheclose -->
  <testcase classname="testBase.LoginPageTest" name="LogininVaildCrential" time="0.041">
    <failure type="org.openqa.selenium.NoSuchSessionException" message="Tried to run command without establishing a connection
Build info: version: &amp;apos;4.30.0&amp;apos;, revision: &amp;apos;509c7f17cc*&amp;apos;
System info: os.name: &amp;apos;Windows 10&amp;apos;, os.arch: &amp;apos;amd64&amp;apos;, os.version: &amp;apos;10.0&amp;apos;, java.version: &amp;apos;23.0.1&amp;apos;
Driver info: org.openqa.selenium.firefox.FirefoxDriver
Command: [45209234-c0df-4618-b352-07ee30a9603b, findElement {using=id, value=user-name}]
Capabilities {acceptInsecureCerts: true, browserName: firefox, browserVersion: 137.0, moz:accessibilityChecks: false, moz:buildID: 20250327043313, moz:geckodriverVersion: 0.36.0, moz:headless: false, moz:platformVersion: 10.0, moz:processID: 12756, moz:profile: C:\Users\xmedia\AppData\Loc..., moz:shutdownTimeout: 60000, moz:webdriverClick: true, moz:windowless: false, pageLoadStrategy: normal, platformName: windows, proxy: Proxy(), setWindowRect: true, strictFileInteractability: false, timeouts: {implicit: 0, pageLoad: 300000, script: 30000}, unhandledPromptBehavior: dismiss and notify, userAgent: Mozilla/5.0 (Windows NT 10....}
Session ID: 45209234-c0df-4618-b352-07ee30a9603b">
      <![CDATA[org.openqa.selenium.NoSuchSessionException: Tried to run command without establishing a connection
Build info: version: '4.30.0', revision: '509c7f17cc*'
System info: os.name: 'Windows 10', os.arch: 'amd64', os.version: '10.0', java.version: '23.0.1'
Driver info: org.openqa.selenium.firefox.FirefoxDriver
Command: [45209234-c0df-4618-b352-07ee30a9603b, findElement {using=id, value=user-name}]
Capabilities {acceptInsecureCerts: true, browserName: firefox, browserVersion: 137.0, moz:accessibilityChecks: false, moz:buildID: 20250327043313, moz:geckodriverVersion: 0.36.0, moz:headless: false, moz:platformVersion: 10.0, moz:processID: 12756, moz:profile: C:\Users\xmedia\AppData\Loc..., moz:shutdownTimeout: 60000, moz:webdriverClick: true, moz:windowless: false, pageLoadStrategy: normal, platformName: windows, proxy: Proxy(), setWindowRect: true, strictFileInteractability: false, timeouts: {implicit: 0, pageLoad: 300000, script: 30000}, unhandledPromptBehavior: dismiss and notify, userAgent: Mozilla/5.0 (Windows NT 10....}
Session ID: 45209234-c0df-4618-b352-07ee30a9603b
at org.openqa.selenium.remote.ErrorCodec.decode(ErrorCodec.java:167)
at org.openqa.selenium.remote.codec.w3c.W3CHttpResponseCodec.decode(W3CHttpResponseCodec.java:138)
at org.openqa.selenium.remote.codec.w3c.W3CHttpResponseCodec.decode(W3CHttpResponseCodec.java:50)
at org.openqa.selenium.remote.HttpCommandExecutor.execute(HttpCommandExecutor.java:215)
at org.openqa.selenium.remote.service.DriverCommandExecutor.invokeExecute(DriverCommandExecutor.java:216)
at org.openqa.selenium.remote.service.DriverCommandExecutor.execute(DriverCommandExecutor.java:174)
at org.openqa.selenium.remote.RemoteWebDriver.execute(RemoteWebDriver.java:545)
at org.openqa.selenium.remote.ElementLocation$ElementFinder$2.findElement(ElementLocation.java:165)
at org.openqa.selenium.remote.ElementLocation.findElement(ElementLocation.java:66)
at org.openqa.selenium.remote.RemoteWebDriver.findElement(RemoteWebDriver.java:368)
at org.openqa.selenium.remote.RemoteWebDriver.findElement(RemoteWebDriver.java:362)
at pageObjectClass.LoginPage.enterTheUserName(LoginPage.java:26)
at testBase.LoginPageTest.LogininVaildCrential(LoginPageTest.java:34)
at java.base/java.util.ArrayList.forEach(ArrayList.java:1597)
at java.base/java.util.concurrent.FutureTask.run(FutureTask.java:317)
at java.base/java.util.concurrent.ThreadPoolExecutor.runWorker(ThreadPoolExecutor.java:1144)
at java.base/java.util.concurrent.ThreadPoolExecutor$Worker.run(ThreadPoolExecutor.java:642)
at java.base/java.lang.Thread.run(Thread.java:1575)
... Removed 18 stack frames]]>
    </failure>
  </testcase> <!-- LogininVaildCrential -->
  <testcase classname="testBase.LoginPageTest" name="LogininVaildCrential" time="0.026">
    <failure type="org.openqa.selenium.NoSuchSessionException" message="Tried to run command without establishing a connection
Build info: version: &amp;apos;4.30.0&amp;apos;, revision: &amp;apos;509c7f17cc*&amp;apos;
System info: os.name: &amp;apos;Windows 10&amp;apos;, os.arch: &amp;apos;amd64&amp;apos;, os.version: &amp;apos;10.0&amp;apos;, java.version: &amp;apos;23.0.1&amp;apos;
Driver info: org.openqa.selenium.firefox.FirefoxDriver
Command: [45209234-c0df-4618-b352-07ee30a9603b, findElement {using=id, value=user-name}]
Capabilities {acceptInsecureCerts: true, browserName: firefox, browserVersion: 137.0, moz:accessibilityChecks: false, moz:buildID: 20250327043313, moz:geckodriverVersion: 0.36.0, moz:headless: false, moz:platformVersion: 10.0, moz:processID: 12756, moz:profile: C:\Users\xmedia\AppData\Loc..., moz:shutdownTimeout: 60000, moz:webdriverClick: true, moz:windowless: false, pageLoadStrategy: normal, platformName: windows, proxy: Proxy(), setWindowRect: true, strictFileInteractability: false, timeouts: {implicit: 0, pageLoad: 300000, script: 30000}, unhandledPromptBehavior: dismiss and notify, userAgent: Mozilla/5.0 (Windows NT 10....}
Session ID: 45209234-c0df-4618-b352-07ee30a9603b">
      <![CDATA[org.openqa.selenium.NoSuchSessionException: Tried to run command without establishing a connection
Build info: version: '4.30.0', revision: '509c7f17cc*'
System info: os.name: 'Windows 10', os.arch: 'amd64', os.version: '10.0', java.version: '23.0.1'
Driver info: org.openqa.selenium.firefox.FirefoxDriver
Command: [45209234-c0df-4618-b352-07ee30a9603b, findElement {using=id, value=user-name}]
Capabilities {acceptInsecureCerts: true, browserName: firefox, browserVersion: 137.0, moz:accessibilityChecks: false, moz:buildID: 20250327043313, moz:geckodriverVersion: 0.36.0, moz:headless: false, moz:platformVersion: 10.0, moz:processID: 12756, moz:profile: C:\Users\xmedia\AppData\Loc..., moz:shutdownTimeout: 60000, moz:webdriverClick: true, moz:windowless: false, pageLoadStrategy: normal, platformName: windows, proxy: Proxy(), setWindowRect: true, strictFileInteractability: false, timeouts: {implicit: 0, pageLoad: 300000, script: 30000}, unhandledPromptBehavior: dismiss and notify, userAgent: Mozilla/5.0 (Windows NT 10....}
Session ID: 45209234-c0df-4618-b352-07ee30a9603b
at org.openqa.selenium.remote.ErrorCodec.decode(ErrorCodec.java:167)
at org.openqa.selenium.remote.codec.w3c.W3CHttpResponseCodec.decode(W3CHttpResponseCodec.java:138)
at org.openqa.selenium.remote.codec.w3c.W3CHttpResponseCodec.decode(W3CHttpResponseCodec.java:50)
at org.openqa.selenium.remote.HttpCommandExecutor.execute(HttpCommandExecutor.java:215)
at org.openqa.selenium.remote.service.DriverCommandExecutor.invokeExecute(DriverCommandExecutor.java:216)
at org.openqa.selenium.remote.service.DriverCommandExecutor.execute(DriverCommandExecutor.java:174)
at org.openqa.selenium.remote.RemoteWebDriver.execute(RemoteWebDriver.java:545)
at org.openqa.selenium.remote.ElementLocation$ElementFinder$2.findElement(ElementLocation.java:165)
at org.openqa.selenium.remote.ElementLocation.findElement(ElementLocation.java:66)
at org.openqa.selenium.remote.RemoteWebDriver.findElement(RemoteWebDriver.java:368)
at org.openqa.selenium.remote.RemoteWebDriver.findElement(RemoteWebDriver.java:362)
at pageObjectClass.LoginPage.enterTheUserName(LoginPage.java:26)
at testBase.LoginPageTest.LogininVaildCrential(LoginPageTest.java:34)
at java.base/java.util.ArrayList.forEach(ArrayList.java:1597)
at java.base/java.util.concurrent.FutureTask.run(FutureTask.java:317)
at java.base/java.util.concurrent.ThreadPoolExecutor.runWorker(ThreadPoolExecutor.java:1144)
at java.base/java.util.concurrent.ThreadPoolExecutor$Worker.run(ThreadPoolExecutor.java:642)
at java.base/java.lang.Thread.run(Thread.java:1575)
... Removed 18 stack frames]]>
    </failure>
  </testcase> <!-- LogininVaildCrential -->
  <testcase classname="testBase.LoginPageTest" name="LogininVaildCrential" time="0.025">
    <failure type="org.openqa.selenium.NoSuchSessionException" message="Tried to run command without establishing a connection
Build info: version: &amp;apos;4.30.0&amp;apos;, revision: &amp;apos;509c7f17cc*&amp;apos;
System info: os.name: &amp;apos;Windows 10&amp;apos;, os.arch: &amp;apos;amd64&amp;apos;, os.version: &amp;apos;10.0&amp;apos;, java.version: &amp;apos;23.0.1&amp;apos;
Driver info: org.openqa.selenium.firefox.FirefoxDriver
Command: [45209234-c0df-4618-b352-07ee30a9603b, findElement {using=id, value=user-name}]
Capabilities {acceptInsecureCerts: true, browserName: firefox, browserVersion: 137.0, moz:accessibilityChecks: false, moz:buildID: 20250327043313, moz:geckodriverVersion: 0.36.0, moz:headless: false, moz:platformVersion: 10.0, moz:processID: 12756, moz:profile: C:\Users\xmedia\AppData\Loc..., moz:shutdownTimeout: 60000, moz:webdriverClick: true, moz:windowless: false, pageLoadStrategy: normal, platformName: windows, proxy: Proxy(), setWindowRect: true, strictFileInteractability: false, timeouts: {implicit: 0, pageLoad: 300000, script: 30000}, unhandledPromptBehavior: dismiss and notify, userAgent: Mozilla/5.0 (Windows NT 10....}
Session ID: 45209234-c0df-4618-b352-07ee30a9603b">
      <![CDATA[org.openqa.selenium.NoSuchSessionException: Tried to run command without establishing a connection
Build info: version: '4.30.0', revision: '509c7f17cc*'
System info: os.name: 'Windows 10', os.arch: 'amd64', os.version: '10.0', java.version: '23.0.1'
Driver info: org.openqa.selenium.firefox.FirefoxDriver
Command: [45209234-c0df-4618-b352-07ee30a9603b, findElement {using=id, value=user-name}]
Capabilities {acceptInsecureCerts: true, browserName: firefox, browserVersion: 137.0, moz:accessibilityChecks: false, moz:buildID: 20250327043313, moz:geckodriverVersion: 0.36.0, moz:headless: false, moz:platformVersion: 10.0, moz:processID: 12756, moz:profile: C:\Users\xmedia\AppData\Loc..., moz:shutdownTimeout: 60000, moz:webdriverClick: true, moz:windowless: false, pageLoadStrategy: normal, platformName: windows, proxy: Proxy(), setWindowRect: true, strictFileInteractability: false, timeouts: {implicit: 0, pageLoad: 300000, script: 30000}, unhandledPromptBehavior: dismiss and notify, userAgent: Mozilla/5.0 (Windows NT 10....}
Session ID: 45209234-c0df-4618-b352-07ee30a9603b
at org.openqa.selenium.remote.ErrorCodec.decode(ErrorCodec.java:167)
at org.openqa.selenium.remote.codec.w3c.W3CHttpResponseCodec.decode(W3CHttpResponseCodec.java:138)
at org.openqa.selenium.remote.codec.w3c.W3CHttpResponseCodec.decode(W3CHttpResponseCodec.java:50)
at org.openqa.selenium.remote.HttpCommandExecutor.execute(HttpCommandExecutor.java:215)
at org.openqa.selenium.remote.service.DriverCommandExecutor.invokeExecute(DriverCommandExecutor.java:216)
at org.openqa.selenium.remote.service.DriverCommandExecutor.execute(DriverCommandExecutor.java:174)
at org.openqa.selenium.remote.RemoteWebDriver.execute(RemoteWebDriver.java:545)
at org.openqa.selenium.remote.ElementLocation$ElementFinder$2.findElement(ElementLocation.java:165)
at org.openqa.selenium.remote.ElementLocation.findElement(ElementLocation.java:66)
at org.openqa.selenium.remote.RemoteWebDriver.findElement(RemoteWebDriver.java:368)
at org.openqa.selenium.remote.RemoteWebDriver.findElement(RemoteWebDriver.java:362)
at pageObjectClass.LoginPage.enterTheUserName(LoginPage.java:26)
at testBase.LoginPageTest.LogininVaildCrential(LoginPageTest.java:34)
at java.base/java.util.ArrayList.forEach(ArrayList.java:1597)
at java.base/java.util.concurrent.FutureTask.run(FutureTask.java:317)
at java.base/java.util.concurrent.ThreadPoolExecutor.runWorker(ThreadPoolExecutor.java:1144)
at java.base/java.util.concurrent.ThreadPoolExecutor$Worker.run(ThreadPoolExecutor.java:642)
at java.base/java.lang.Thread.run(Thread.java:1575)
... Removed 18 stack frames]]>
    </failure>
  </testcase> <!-- LogininVaildCrential -->
  <testcase classname="testBase.LoginPageTest" name="LogininVaildCrential" time="0.03">
    <failure type="org.openqa.selenium.NoSuchSessionException" message="Tried to run command without establishing a connection
Build info: version: &amp;apos;4.30.0&amp;apos;, revision: &amp;apos;509c7f17cc*&amp;apos;
System info: os.name: &amp;apos;Windows 10&amp;apos;, os.arch: &amp;apos;amd64&amp;apos;, os.version: &amp;apos;10.0&amp;apos;, java.version: &amp;apos;23.0.1&amp;apos;
Driver info: org.openqa.selenium.firefox.FirefoxDriver
Command: [45209234-c0df-4618-b352-07ee30a9603b, findElement {using=id, value=user-name}]
Capabilities {acceptInsecureCerts: true, browserName: firefox, browserVersion: 137.0, moz:accessibilityChecks: false, moz:buildID: 20250327043313, moz:geckodriverVersion: 0.36.0, moz:headless: false, moz:platformVersion: 10.0, moz:processID: 12756, moz:profile: C:\Users\xmedia\AppData\Loc..., moz:shutdownTimeout: 60000, moz:webdriverClick: true, moz:windowless: false, pageLoadStrategy: normal, platformName: windows, proxy: Proxy(), setWindowRect: true, strictFileInteractability: false, timeouts: {implicit: 0, pageLoad: 300000, script: 30000}, unhandledPromptBehavior: dismiss and notify, userAgent: Mozilla/5.0 (Windows NT 10....}
Session ID: 45209234-c0df-4618-b352-07ee30a9603b">
      <![CDATA[org.openqa.selenium.NoSuchSessionException: Tried to run command without establishing a connection
Build info: version: '4.30.0', revision: '509c7f17cc*'
System info: os.name: 'Windows 10', os.arch: 'amd64', os.version: '10.0', java.version: '23.0.1'
Driver info: org.openqa.selenium.firefox.FirefoxDriver
Command: [45209234-c0df-4618-b352-07ee30a9603b, findElement {using=id, value=user-name}]
Capabilities {acceptInsecureCerts: true, browserName: firefox, browserVersion: 137.0, moz:accessibilityChecks: false, moz:buildID: 20250327043313, moz:geckodriverVersion: 0.36.0, moz:headless: false, moz:platformVersion: 10.0, moz:processID: 12756, moz:profile: C:\Users\xmedia\AppData\Loc..., moz:shutdownTimeout: 60000, moz:webdriverClick: true, moz:windowless: false, pageLoadStrategy: normal, platformName: windows, proxy: Proxy(), setWindowRect: true, strictFileInteractability: false, timeouts: {implicit: 0, pageLoad: 300000, script: 30000}, unhandledPromptBehavior: dismiss and notify, userAgent: Mozilla/5.0 (Windows NT 10....}
Session ID: 45209234-c0df-4618-b352-07ee30a9603b
at org.openqa.selenium.remote.ErrorCodec.decode(ErrorCodec.java:167)
at org.openqa.selenium.remote.codec.w3c.W3CHttpResponseCodec.decode(W3CHttpResponseCodec.java:138)
at org.openqa.selenium.remote.codec.w3c.W3CHttpResponseCodec.decode(W3CHttpResponseCodec.java:50)
at org.openqa.selenium.remote.HttpCommandExecutor.execute(HttpCommandExecutor.java:215)
at org.openqa.selenium.remote.service.DriverCommandExecutor.invokeExecute(DriverCommandExecutor.java:216)
at org.openqa.selenium.remote.service.DriverCommandExecutor.execute(DriverCommandExecutor.java:174)
at org.openqa.selenium.remote.RemoteWebDriver.execute(RemoteWebDriver.java:545)
at org.openqa.selenium.remote.ElementLocation$ElementFinder$2.findElement(ElementLocation.java:165)
at org.openqa.selenium.remote.ElementLocation.findElement(ElementLocation.java:66)
at org.openqa.selenium.remote.RemoteWebDriver.findElement(RemoteWebDriver.java:368)
at org.openqa.selenium.remote.RemoteWebDriver.findElement(RemoteWebDriver.java:362)
at pageObjectClass.LoginPage.enterTheUserName(LoginPage.java:26)
at testBase.LoginPageTest.LogininVaildCrential(LoginPageTest.java:34)
at java.base/java.util.ArrayList.forEach(ArrayList.java:1597)
at java.base/java.util.concurrent.FutureTask.run(FutureTask.java:317)
at java.base/java.util.concurrent.ThreadPoolExecutor.runWorker(ThreadPoolExecutor.java:1144)
at java.base/java.util.concurrent.ThreadPoolExecutor$Worker.run(ThreadPoolExecutor.java:642)
at java.base/java.lang.Thread.run(Thread.java:1575)
... Removed 18 stack frames]]>
    </failure>
  </testcase> <!-- LogininVaildCrential -->
  <testcase classname="testBase.LoginPageTest" name="LogininVaildCrential" time="0.028">
    <failure type="org.openqa.selenium.NoSuchSessionException" message="Tried to run command without establishing a connection
Build info: version: &amp;apos;4.30.0&amp;apos;, revision: &amp;apos;509c7f17cc*&amp;apos;
System info: os.name: &amp;apos;Windows 10&amp;apos;, os.arch: &amp;apos;amd64&amp;apos;, os.version: &amp;apos;10.0&amp;apos;, java.version: &amp;apos;23.0.1&amp;apos;
Driver info: org.openqa.selenium.firefox.FirefoxDriver
Command: [45209234-c0df-4618-b352-07ee30a9603b, findElement {using=id, value=user-name}]
Capabilities {acceptInsecureCerts: true, browserName: firefox, browserVersion: 137.0, moz:accessibilityChecks: false, moz:buildID: 20250327043313, moz:geckodriverVersion: 0.36.0, moz:headless: false, moz:platformVersion: 10.0, moz:processID: 12756, moz:profile: C:\Users\xmedia\AppData\Loc..., moz:shutdownTimeout: 60000, moz:webdriverClick: true, moz:windowless: false, pageLoadStrategy: normal, platformName: windows, proxy: Proxy(), setWindowRect: true, strictFileInteractability: false, timeouts: {implicit: 0, pageLoad: 300000, script: 30000}, unhandledPromptBehavior: dismiss and notify, userAgent: Mozilla/5.0 (Windows NT 10....}
Session ID: 45209234-c0df-4618-b352-07ee30a9603b">
      <![CDATA[org.openqa.selenium.NoSuchSessionException: Tried to run command without establishing a connection
Build info: version: '4.30.0', revision: '509c7f17cc*'
System info: os.name: 'Windows 10', os.arch: 'amd64', os.version: '10.0', java.version: '23.0.1'
Driver info: org.openqa.selenium.firefox.FirefoxDriver
Command: [45209234-c0df-4618-b352-07ee30a9603b, findElement {using=id, value=user-name}]
Capabilities {acceptInsecureCerts: true, browserName: firefox, browserVersion: 137.0, moz:accessibilityChecks: false, moz:buildID: 20250327043313, moz:geckodriverVersion: 0.36.0, moz:headless: false, moz:platformVersion: 10.0, moz:processID: 12756, moz:profile: C:\Users\xmedia\AppData\Loc..., moz:shutdownTimeout: 60000, moz:webdriverClick: true, moz:windowless: false, pageLoadStrategy: normal, platformName: windows, proxy: Proxy(), setWindowRect: true, strictFileInteractability: false, timeouts: {implicit: 0, pageLoad: 300000, script: 30000}, unhandledPromptBehavior: dismiss and notify, userAgent: Mozilla/5.0 (Windows NT 10....}
Session ID: 45209234-c0df-4618-b352-07ee30a9603b
at org.openqa.selenium.remote.ErrorCodec.decode(ErrorCodec.java:167)
at org.openqa.selenium.remote.codec.w3c.W3CHttpResponseCodec.decode(W3CHttpResponseCodec.java:138)
at org.openqa.selenium.remote.codec.w3c.W3CHttpResponseCodec.decode(W3CHttpResponseCodec.java:50)
at org.openqa.selenium.remote.HttpCommandExecutor.execute(HttpCommandExecutor.java:215)
at org.openqa.selenium.remote.service.DriverCommandExecutor.invokeExecute(DriverCommandExecutor.java:216)
at org.openqa.selenium.remote.service.DriverCommandExecutor.execute(DriverCommandExecutor.java:174)
at org.openqa.selenium.remote.RemoteWebDriver.execute(RemoteWebDriver.java:545)
at org.openqa.selenium.remote.ElementLocation$ElementFinder$2.findElement(ElementLocation.java:165)
at org.openqa.selenium.remote.ElementLocation.findElement(ElementLocation.java:66)
at org.openqa.selenium.remote.RemoteWebDriver.findElement(RemoteWebDriver.java:368)
at org.openqa.selenium.remote.RemoteWebDriver.findElement(RemoteWebDriver.java:362)
at pageObjectClass.LoginPage.enterTheUserName(LoginPage.java:26)
at testBase.LoginPageTest.LogininVaildCrential(LoginPageTest.java:34)
at java.base/java.util.ArrayList.forEach(ArrayList.java:1597)
at java.base/java.util.concurrent.FutureTask.run(FutureTask.java:317)
at java.base/java.util.concurrent.ThreadPoolExecutor.runWorker(ThreadPoolExecutor.java:1144)
at java.base/java.util.concurrent.ThreadPoolExecutor$Worker.run(ThreadPoolExecutor.java:642)
at java.base/java.lang.Thread.run(Thread.java:1575)
... Removed 18 stack frames]]>
    </failure>
  </testcase> <!-- LogininVaildCrential -->
  <testcase classname="testBase.LoginPageTest" name="LogininVaildCrential" time="0.028">
    <failure type="org.openqa.selenium.NoSuchSessionException" message="Tried to run command without establishing a connection
Build info: version: &amp;apos;4.30.0&amp;apos;, revision: &amp;apos;509c7f17cc*&amp;apos;
System info: os.name: &amp;apos;Windows 10&amp;apos;, os.arch: &amp;apos;amd64&amp;apos;, os.version: &amp;apos;10.0&amp;apos;, java.version: &amp;apos;23.0.1&amp;apos;
Driver info: org.openqa.selenium.firefox.FirefoxDriver
Command: [45209234-c0df-4618-b352-07ee30a9603b, findElement {using=id, value=user-name}]
Capabilities {acceptInsecureCerts: true, browserName: firefox, browserVersion: 137.0, moz:accessibilityChecks: false, moz:buildID: 20250327043313, moz:geckodriverVersion: 0.36.0, moz:headless: false, moz:platformVersion: 10.0, moz:processID: 12756, moz:profile: C:\Users\xmedia\AppData\Loc..., moz:shutdownTimeout: 60000, moz:webdriverClick: true, moz:windowless: false, pageLoadStrategy: normal, platformName: windows, proxy: Proxy(), setWindowRect: true, strictFileInteractability: false, timeouts: {implicit: 0, pageLoad: 300000, script: 30000}, unhandledPromptBehavior: dismiss and notify, userAgent: Mozilla/5.0 (Windows NT 10....}
Session ID: 45209234-c0df-4618-b352-07ee30a9603b">
      <![CDATA[org.openqa.selenium.NoSuchSessionException: Tried to run command without establishing a connection
Build info: version: '4.30.0', revision: '509c7f17cc*'
System info: os.name: 'Windows 10', os.arch: 'amd64', os.version: '10.0', java.version: '23.0.1'
Driver info: org.openqa.selenium.firefox.FirefoxDriver
Command: [45209234-c0df-4618-b352-07ee30a9603b, findElement {using=id, value=user-name}]
Capabilities {acceptInsecureCerts: true, browserName: firefox, browserVersion: 137.0, moz:accessibilityChecks: false, moz:buildID: 20250327043313, moz:geckodriverVersion: 0.36.0, moz:headless: false, moz:platformVersion: 10.0, moz:processID: 12756, moz:profile: C:\Users\xmedia\AppData\Loc..., moz:shutdownTimeout: 60000, moz:webdriverClick: true, moz:windowless: false, pageLoadStrategy: normal, platformName: windows, proxy: Proxy(), setWindowRect: true, strictFileInteractability: false, timeouts: {implicit: 0, pageLoad: 300000, script: 30000}, unhandledPromptBehavior: dismiss and notify, userAgent: Mozilla/5.0 (Windows NT 10....}
Session ID: 45209234-c0df-4618-b352-07ee30a9603b
at org.openqa.selenium.remote.ErrorCodec.decode(ErrorCodec.java:167)
at org.openqa.selenium.remote.codec.w3c.W3CHttpResponseCodec.decode(W3CHttpResponseCodec.java:138)
at org.openqa.selenium.remote.codec.w3c.W3CHttpResponseCodec.decode(W3CHttpResponseCodec.java:50)
at org.openqa.selenium.remote.HttpCommandExecutor.execute(HttpCommandExecutor.java:215)
at org.openqa.selenium.remote.service.DriverCommandExecutor.invokeExecute(DriverCommandExecutor.java:216)
at org.openqa.selenium.remote.service.DriverCommandExecutor.execute(DriverCommandExecutor.java:174)
at org.openqa.selenium.remote.RemoteWebDriver.execute(RemoteWebDriver.java:545)
at org.openqa.selenium.remote.ElementLocation$ElementFinder$2.findElement(ElementLocation.java:165)
at org.openqa.selenium.remote.ElementLocation.findElement(ElementLocation.java:66)
at org.openqa.selenium.remote.RemoteWebDriver.findElement(RemoteWebDriver.java:368)
at org.openqa.selenium.remote.RemoteWebDriver.findElement(RemoteWebDriver.java:362)
at pageObjectClass.LoginPage.enterTheUserName(LoginPage.java:26)
at testBase.LoginPageTest.LogininVaildCrential(LoginPageTest.java:34)
at java.base/java.util.ArrayList.forEach(ArrayList.java:1597)
at java.base/java.util.concurrent.FutureTask.run(FutureTask.java:317)
at java.base/java.util.concurrent.ThreadPoolExecutor.runWorker(ThreadPoolExecutor.java:1144)
at java.base/java.util.concurrent.ThreadPoolExecutor$Worker.run(ThreadPoolExecutor.java:642)
at java.base/java.lang.Thread.run(Thread.java:1575)
... Removed 18 stack frames]]>
    </failure>
  </testcase> <!-- LogininVaildCrential -->
  <testcase classname="testBase.LoginPageTest" name="LogininVaildCrential" time="0.029">
    <failure type="org.openqa.selenium.NoSuchSessionException" message="Tried to run command without establishing a connection
Build info: version: &amp;apos;4.30.0&amp;apos;, revision: &amp;apos;509c7f17cc*&amp;apos;
System info: os.name: &amp;apos;Windows 10&amp;apos;, os.arch: &amp;apos;amd64&amp;apos;, os.version: &amp;apos;10.0&amp;apos;, java.version: &amp;apos;23.0.1&amp;apos;
Driver info: org.openqa.selenium.firefox.FirefoxDriver
Command: [45209234-c0df-4618-b352-07ee30a9603b, findElement {using=id, value=user-name}]
Capabilities {acceptInsecureCerts: true, browserName: firefox, browserVersion: 137.0, moz:accessibilityChecks: false, moz:buildID: 20250327043313, moz:geckodriverVersion: 0.36.0, moz:headless: false, moz:platformVersion: 10.0, moz:processID: 12756, moz:profile: C:\Users\xmedia\AppData\Loc..., moz:shutdownTimeout: 60000, moz:webdriverClick: true, moz:windowless: false, pageLoadStrategy: normal, platformName: windows, proxy: Proxy(), setWindowRect: true, strictFileInteractability: false, timeouts: {implicit: 0, pageLoad: 300000, script: 30000}, unhandledPromptBehavior: dismiss and notify, userAgent: Mozilla/5.0 (Windows NT 10....}
Session ID: 45209234-c0df-4618-b352-07ee30a9603b">
      <![CDATA[org.openqa.selenium.NoSuchSessionException: Tried to run command without establishing a connection
Build info: version: '4.30.0', revision: '509c7f17cc*'
System info: os.name: 'Windows 10', os.arch: 'amd64', os.version: '10.0', java.version: '23.0.1'
Driver info: org.openqa.selenium.firefox.FirefoxDriver
Command: [45209234-c0df-4618-b352-07ee30a9603b, findElement {using=id, value=user-name}]
Capabilities {acceptInsecureCerts: true, browserName: firefox, browserVersion: 137.0, moz:accessibilityChecks: false, moz:buildID: 20250327043313, moz:geckodriverVersion: 0.36.0, moz:headless: false, moz:platformVersion: 10.0, moz:processID: 12756, moz:profile: C:\Users\xmedia\AppData\Loc..., moz:shutdownTimeout: 60000, moz:webdriverClick: true, moz:windowless: false, pageLoadStrategy: normal, platformName: windows, proxy: Proxy(), setWindowRect: true, strictFileInteractability: false, timeouts: {implicit: 0, pageLoad: 300000, script: 30000}, unhandledPromptBehavior: dismiss and notify, userAgent: Mozilla/5.0 (Windows NT 10....}
Session ID: 45209234-c0df-4618-b352-07ee30a9603b
at org.openqa.selenium.remote.ErrorCodec.decode(ErrorCodec.java:167)
at org.openqa.selenium.remote.codec.w3c.W3CHttpResponseCodec.decode(W3CHttpResponseCodec.java:138)
at org.openqa.selenium.remote.codec.w3c.W3CHttpResponseCodec.decode(W3CHttpResponseCodec.java:50)
at org.openqa.selenium.remote.HttpCommandExecutor.execute(HttpCommandExecutor.java:215)
at org.openqa.selenium.remote.service.DriverCommandExecutor.invokeExecute(DriverCommandExecutor.java:216)
at org.openqa.selenium.remote.service.DriverCommandExecutor.execute(DriverCommandExecutor.java:174)
at org.openqa.selenium.remote.RemoteWebDriver.execute(RemoteWebDriver.java:545)
at org.openqa.selenium.remote.ElementLocation$ElementFinder$2.findElement(ElementLocation.java:165)
at org.openqa.selenium.remote.ElementLocation.findElement(ElementLocation.java:66)
at org.openqa.selenium.remote.RemoteWebDriver.findElement(RemoteWebDriver.java:368)
at org.openqa.selenium.remote.RemoteWebDriver.findElement(RemoteWebDriver.java:362)
at pageObjectClass.LoginPage.enterTheUserName(LoginPage.java:26)
at testBase.LoginPageTest.LogininVaildCrential(LoginPageTest.java:34)
at java.base/java.util.ArrayList.forEach(ArrayList.java:1597)
at java.base/java.util.concurrent.FutureTask.run(FutureTask.java:317)
at java.base/java.util.concurrent.ThreadPoolExecutor.runWorker(ThreadPoolExecutor.java:1144)
at java.base/java.util.concurrent.ThreadPoolExecutor$Worker.run(ThreadPoolExecutor.java:642)
at java.base/java.lang.Thread.run(Thread.java:1575)
... Removed 18 stack frames]]>
    </failure>
  </testcase> <!-- LogininVaildCrential -->
  <testcase classname="testBase.LoginPageTest" name="LogininVaildCrential" time="0.021">
    <failure type="org.openqa.selenium.NoSuchSessionException" message="Tried to run command without establishing a connection
Build info: version: &amp;apos;4.30.0&amp;apos;, revision: &amp;apos;509c7f17cc*&amp;apos;
System info: os.name: &amp;apos;Windows 10&amp;apos;, os.arch: &amp;apos;amd64&amp;apos;, os.version: &amp;apos;10.0&amp;apos;, java.version: &amp;apos;23.0.1&amp;apos;
Driver info: org.openqa.selenium.firefox.FirefoxDriver
Command: [45209234-c0df-4618-b352-07ee30a9603b, findElement {using=id, value=user-name}]
Capabilities {acceptInsecureCerts: true, browserName: firefox, browserVersion: 137.0, moz:accessibilityChecks: false, moz:buildID: 20250327043313, moz:geckodriverVersion: 0.36.0, moz:headless: false, moz:platformVersion: 10.0, moz:processID: 12756, moz:profile: C:\Users\xmedia\AppData\Loc..., moz:shutdownTimeout: 60000, moz:webdriverClick: true, moz:windowless: false, pageLoadStrategy: normal, platformName: windows, proxy: Proxy(), setWindowRect: true, strictFileInteractability: false, timeouts: {implicit: 0, pageLoad: 300000, script: 30000}, unhandledPromptBehavior: dismiss and notify, userAgent: Mozilla/5.0 (Windows NT 10....}
Session ID: 45209234-c0df-4618-b352-07ee30a9603b">
      <![CDATA[org.openqa.selenium.NoSuchSessionException: Tried to run command without establishing a connection
Build info: version: '4.30.0', revision: '509c7f17cc*'
System info: os.name: 'Windows 10', os.arch: 'amd64', os.version: '10.0', java.version: '23.0.1'
Driver info: org.openqa.selenium.firefox.FirefoxDriver
Command: [45209234-c0df-4618-b352-07ee30a9603b, findElement {using=id, value=user-name}]
Capabilities {acceptInsecureCerts: true, browserName: firefox, browserVersion: 137.0, moz:accessibilityChecks: false, moz:buildID: 20250327043313, moz:geckodriverVersion: 0.36.0, moz:headless: false, moz:platformVersion: 10.0, moz:processID: 12756, moz:profile: C:\Users\xmedia\AppData\Loc..., moz:shutdownTimeout: 60000, moz:webdriverClick: true, moz:windowless: false, pageLoadStrategy: normal, platformName: windows, proxy: Proxy(), setWindowRect: true, strictFileInteractability: false, timeouts: {implicit: 0, pageLoad: 300000, script: 30000}, unhandledPromptBehavior: dismiss and notify, userAgent: Mozilla/5.0 (Windows NT 10....}
Session ID: 45209234-c0df-4618-b352-07ee30a9603b
at org.openqa.selenium.remote.ErrorCodec.decode(ErrorCodec.java:167)
at org.openqa.selenium.remote.codec.w3c.W3CHttpResponseCodec.decode(W3CHttpResponseCodec.java:138)
at org.openqa.selenium.remote.codec.w3c.W3CHttpResponseCodec.decode(W3CHttpResponseCodec.java:50)
at org.openqa.selenium.remote.HttpCommandExecutor.execute(HttpCommandExecutor.java:215)
at org.openqa.selenium.remote.service.DriverCommandExecutor.invokeExecute(DriverCommandExecutor.java:216)
at org.openqa.selenium.remote.service.DriverCommandExecutor.execute(DriverCommandExecutor.java:174)
at org.openqa.selenium.remote.RemoteWebDriver.execute(RemoteWebDriver.java:545)
at org.openqa.selenium.remote.ElementLocation$ElementFinder$2.findElement(ElementLocation.java:165)
at org.openqa.selenium.remote.ElementLocation.findElement(ElementLocation.java:66)
at org.openqa.selenium.remote.RemoteWebDriver.findElement(RemoteWebDriver.java:368)
at org.openqa.selenium.remote.RemoteWebDriver.findElement(RemoteWebDriver.java:362)
at pageObjectClass.LoginPage.enterTheUserName(LoginPage.java:26)
at testBase.LoginPageTest.LogininVaildCrential(LoginPageTest.java:34)
at java.base/java.util.ArrayList.forEach(ArrayList.java:1597)
at java.base/java.util.concurrent.FutureTask.run(FutureTask.java:317)
at java.base/java.util.concurrent.ThreadPoolExecutor.runWorker(ThreadPoolExecutor.java:1144)
at java.base/java.util.concurrent.ThreadPoolExecutor$Worker.run(ThreadPoolExecutor.java:642)
at java.base/java.lang.Thread.run(Thread.java:1575)
... Removed 18 stack frames]]>
    </failure>
  </testcase> <!-- LogininVaildCrential -->
  <testcase classname="testBase.LoginPageTest" name="LogininVaildCrential" time="0.026">
    <failure type="org.openqa.selenium.NoSuchSessionException" message="Tried to run command without establishing a connection
Build info: version: &amp;apos;4.30.0&amp;apos;, revision: &amp;apos;509c7f17cc*&amp;apos;
System info: os.name: &amp;apos;Windows 10&amp;apos;, os.arch: &amp;apos;amd64&amp;apos;, os.version: &amp;apos;10.0&amp;apos;, java.version: &amp;apos;23.0.1&amp;apos;
Driver info: org.openqa.selenium.firefox.FirefoxDriver
Command: [45209234-c0df-4618-b352-07ee30a9603b, findElement {using=id, value=user-name}]
Capabilities {acceptInsecureCerts: true, browserName: firefox, browserVersion: 137.0, moz:accessibilityChecks: false, moz:buildID: 20250327043313, moz:geckodriverVersion: 0.36.0, moz:headless: false, moz:platformVersion: 10.0, moz:processID: 12756, moz:profile: C:\Users\xmedia\AppData\Loc..., moz:shutdownTimeout: 60000, moz:webdriverClick: true, moz:windowless: false, pageLoadStrategy: normal, platformName: windows, proxy: Proxy(), setWindowRect: true, strictFileInteractability: false, timeouts: {implicit: 0, pageLoad: 300000, script: 30000}, unhandledPromptBehavior: dismiss and notify, userAgent: Mozilla/5.0 (Windows NT 10....}
Session ID: 45209234-c0df-4618-b352-07ee30a9603b">
      <![CDATA[org.openqa.selenium.NoSuchSessionException: Tried to run command without establishing a connection
Build info: version: '4.30.0', revision: '509c7f17cc*'
System info: os.name: 'Windows 10', os.arch: 'amd64', os.version: '10.0', java.version: '23.0.1'
Driver info: org.openqa.selenium.firefox.FirefoxDriver
Command: [45209234-c0df-4618-b352-07ee30a9603b, findElement {using=id, value=user-name}]
Capabilities {acceptInsecureCerts: true, browserName: firefox, browserVersion: 137.0, moz:accessibilityChecks: false, moz:buildID: 20250327043313, moz:geckodriverVersion: 0.36.0, moz:headless: false, moz:platformVersion: 10.0, moz:processID: 12756, moz:profile: C:\Users\xmedia\AppData\Loc..., moz:shutdownTimeout: 60000, moz:webdriverClick: true, moz:windowless: false, pageLoadStrategy: normal, platformName: windows, proxy: Proxy(), setWindowRect: true, strictFileInteractability: false, timeouts: {implicit: 0, pageLoad: 300000, script: 30000}, unhandledPromptBehavior: dismiss and notify, userAgent: Mozilla/5.0 (Windows NT 10....}
Session ID: 45209234-c0df-4618-b352-07ee30a9603b
at org.openqa.selenium.remote.ErrorCodec.decode(ErrorCodec.java:167)
at org.openqa.selenium.remote.codec.w3c.W3CHttpResponseCodec.decode(W3CHttpResponseCodec.java:138)
at org.openqa.selenium.remote.codec.w3c.W3CHttpResponseCodec.decode(W3CHttpResponseCodec.java:50)
at org.openqa.selenium.remote.HttpCommandExecutor.execute(HttpCommandExecutor.java:215)
at org.openqa.selenium.remote.service.DriverCommandExecutor.invokeExecute(DriverCommandExecutor.java:216)
at org.openqa.selenium.remote.service.DriverCommandExecutor.execute(DriverCommandExecutor.java:174)
at org.openqa.selenium.remote.RemoteWebDriver.execute(RemoteWebDriver.java:545)
at org.openqa.selenium.remote.ElementLocation$ElementFinder$2.findElement(ElementLocation.java:165)
at org.openqa.selenium.remote.ElementLocation.findElement(ElementLocation.java:66)
at org.openqa.selenium.remote.RemoteWebDriver.findElement(RemoteWebDriver.java:368)
at org.openqa.selenium.remote.RemoteWebDriver.findElement(RemoteWebDriver.java:362)
at pageObjectClass.LoginPage.enterTheUserName(LoginPage.java:26)
at testBase.LoginPageTest.LogininVaildCrential(LoginPageTest.java:34)
at java.base/java.util.ArrayList.forEach(ArrayList.java:1597)
at java.base/java.util.concurrent.FutureTask.run(FutureTask.java:317)
at java.base/java.util.concurrent.ThreadPoolExecutor.runWorker(ThreadPoolExecutor.java:1144)
at java.base/java.util.concurrent.ThreadPoolExecutor$Worker.run(ThreadPoolExecutor.java:642)
at java.base/java.lang.Thread.run(Thread.java:1575)
... Removed 18 stack frames]]>
    </failure>
  </testcase> <!-- LogininVaildCrential -->
  <testcase classname="testBase.LoginPageTest" name="LogininVaildCrential" time="0.024">
    <failure type="org.openqa.selenium.NoSuchSessionException" message="Tried to run command without establishing a connection
Build info: version: &amp;apos;4.30.0&amp;apos;, revision: &amp;apos;509c7f17cc*&amp;apos;
System info: os.name: &amp;apos;Windows 10&amp;apos;, os.arch: &amp;apos;amd64&amp;apos;, os.version: &amp;apos;10.0&amp;apos;, java.version: &amp;apos;23.0.1&amp;apos;
Driver info: org.openqa.selenium.firefox.FirefoxDriver
Command: [45209234-c0df-4618-b352-07ee30a9603b, findElement {using=id, value=user-name}]
Capabilities {acceptInsecureCerts: true, browserName: firefox, browserVersion: 137.0, moz:accessibilityChecks: false, moz:buildID: 20250327043313, moz:geckodriverVersion: 0.36.0, moz:headless: false, moz:platformVersion: 10.0, moz:processID: 12756, moz:profile: C:\Users\xmedia\AppData\Loc..., moz:shutdownTimeout: 60000, moz:webdriverClick: true, moz:windowless: false, pageLoadStrategy: normal, platformName: windows, proxy: Proxy(), setWindowRect: true, strictFileInteractability: false, timeouts: {implicit: 0, pageLoad: 300000, script: 30000}, unhandledPromptBehavior: dismiss and notify, userAgent: Mozilla/5.0 (Windows NT 10....}
Session ID: 45209234-c0df-4618-b352-07ee30a9603b">
      <![CDATA[org.openqa.selenium.NoSuchSessionException: Tried to run command without establishing a connection
Build info: version: '4.30.0', revision: '509c7f17cc*'
System info: os.name: 'Windows 10', os.arch: 'amd64', os.version: '10.0', java.version: '23.0.1'
Driver info: org.openqa.selenium.firefox.FirefoxDriver
Command: [45209234-c0df-4618-b352-07ee30a9603b, findElement {using=id, value=user-name}]
Capabilities {acceptInsecureCerts: true, browserName: firefox, browserVersion: 137.0, moz:accessibilityChecks: false, moz:buildID: 20250327043313, moz:geckodriverVersion: 0.36.0, moz:headless: false, moz:platformVersion: 10.0, moz:processID: 12756, moz:profile: C:\Users\xmedia\AppData\Loc..., moz:shutdownTimeout: 60000, moz:webdriverClick: true, moz:windowless: false, pageLoadStrategy: normal, platformName: windows, proxy: Proxy(), setWindowRect: true, strictFileInteractability: false, timeouts: {implicit: 0, pageLoad: 300000, script: 30000}, unhandledPromptBehavior: dismiss and notify, userAgent: Mozilla/5.0 (Windows NT 10....}
Session ID: 45209234-c0df-4618-b352-07ee30a9603b
at org.openqa.selenium.remote.ErrorCodec.decode(ErrorCodec.java:167)
at org.openqa.selenium.remote.codec.w3c.W3CHttpResponseCodec.decode(W3CHttpResponseCodec.java:138)
at org.openqa.selenium.remote.codec.w3c.W3CHttpResponseCodec.decode(W3CHttpResponseCodec.java:50)
at org.openqa.selenium.remote.HttpCommandExecutor.execute(HttpCommandExecutor.java:215)
at org.openqa.selenium.remote.service.DriverCommandExecutor.invokeExecute(DriverCommandExecutor.java:216)
at org.openqa.selenium.remote.service.DriverCommandExecutor.execute(DriverCommandExecutor.java:174)
at org.openqa.selenium.remote.RemoteWebDriver.execute(RemoteWebDriver.java:545)
at org.openqa.selenium.remote.ElementLocation$ElementFinder$2.findElement(ElementLocation.java:165)
at org.openqa.selenium.remote.ElementLocation.findElement(ElementLocation.java:66)
at org.openqa.selenium.remote.RemoteWebDriver.findElement(RemoteWebDriver.java:368)
at org.openqa.selenium.remote.RemoteWebDriver.findElement(RemoteWebDriver.java:362)
at pageObjectClass.LoginPage.enterTheUserName(LoginPage.java:26)
at testBase.LoginPageTest.LogininVaildCrential(LoginPageTest.java:34)
at java.base/java.util.ArrayList.forEach(ArrayList.java:1597)
at java.base/java.util.concurrent.FutureTask.run(FutureTask.java:317)
at java.base/java.util.concurrent.ThreadPoolExecutor.runWorker(ThreadPoolExecutor.java:1144)
at java.base/java.util.concurrent.ThreadPoolExecutor$Worker.run(ThreadPoolExecutor.java:642)
at java.base/java.lang.Thread.run(Thread.java:1575)
... Removed 18 stack frames]]>
    </failure>
  </testcase> <!-- LogininVaildCrential -->
  <testcase classname="testBase.LoginPageTest" name="Login" time="0.021">
    <failure type="org.openqa.selenium.NoSuchSessionException" message="Tried to run command without establishing a connection
Build info: version: &amp;apos;4.30.0&amp;apos;, revision: &amp;apos;509c7f17cc*&amp;apos;
System info: os.name: &amp;apos;Windows 10&amp;apos;, os.arch: &amp;apos;amd64&amp;apos;, os.version: &amp;apos;10.0&amp;apos;, java.version: &amp;apos;23.0.1&amp;apos;
Driver info: org.openqa.selenium.firefox.FirefoxDriver
Command: [45209234-c0df-4618-b352-07ee30a9603b, findElement {using=id, value=user-name}]
Capabilities {acceptInsecureCerts: true, browserName: firefox, browserVersion: 137.0, moz:accessibilityChecks: false, moz:buildID: 20250327043313, moz:geckodriverVersion: 0.36.0, moz:headless: false, moz:platformVersion: 10.0, moz:processID: 12756, moz:profile: C:\Users\xmedia\AppData\Loc..., moz:shutdownTimeout: 60000, moz:webdriverClick: true, moz:windowless: false, pageLoadStrategy: normal, platformName: windows, proxy: Proxy(), setWindowRect: true, strictFileInteractability: false, timeouts: {implicit: 0, pageLoad: 300000, script: 30000}, unhandledPromptBehavior: dismiss and notify, userAgent: Mozilla/5.0 (Windows NT 10....}
Session ID: 45209234-c0df-4618-b352-07ee30a9603b">
      <![CDATA[org.openqa.selenium.NoSuchSessionException: Tried to run command without establishing a connection
Build info: version: '4.30.0', revision: '509c7f17cc*'
System info: os.name: 'Windows 10', os.arch: 'amd64', os.version: '10.0', java.version: '23.0.1'
Driver info: org.openqa.selenium.firefox.FirefoxDriver
Command: [45209234-c0df-4618-b352-07ee30a9603b, findElement {using=id, value=user-name}]
Capabilities {acceptInsecureCerts: true, browserName: firefox, browserVersion: 137.0, moz:accessibilityChecks: false, moz:buildID: 20250327043313, moz:geckodriverVersion: 0.36.0, moz:headless: false, moz:platformVersion: 10.0, moz:processID: 12756, moz:profile: C:\Users\xmedia\AppData\Loc..., moz:shutdownTimeout: 60000, moz:webdriverClick: true, moz:windowless: false, pageLoadStrategy: normal, platformName: windows, proxy: Proxy(), setWindowRect: true, strictFileInteractability: false, timeouts: {implicit: 0, pageLoad: 300000, script: 30000}, unhandledPromptBehavior: dismiss and notify, userAgent: Mozilla/5.0 (Windows NT 10....}
Session ID: 45209234-c0df-4618-b352-07ee30a9603b
at org.openqa.selenium.remote.ErrorCodec.decode(ErrorCodec.java:167)
at org.openqa.selenium.remote.codec.w3c.W3CHttpResponseCodec.decode(W3CHttpResponseCodec.java:138)
at org.openqa.selenium.remote.codec.w3c.W3CHttpResponseCodec.decode(W3CHttpResponseCodec.java:50)
at org.openqa.selenium.remote.HttpCommandExecutor.execute(HttpCommandExecutor.java:215)
at org.openqa.selenium.remote.service.DriverCommandExecutor.invokeExecute(DriverCommandExecutor.java:216)
at org.openqa.selenium.remote.service.DriverCommandExecutor.execute(DriverCommandExecutor.java:174)
at org.openqa.selenium.remote.RemoteWebDriver.execute(RemoteWebDriver.java:545)
at org.openqa.selenium.remote.ElementLocation$ElementFinder$2.findElement(ElementLocation.java:165)
at org.openqa.selenium.remote.ElementLocation.findElement(ElementLocation.java:66)
at org.openqa.selenium.remote.RemoteWebDriver.findElement(RemoteWebDriver.java:368)
at org.openqa.selenium.remote.RemoteWebDriver.findElement(RemoteWebDriver.java:362)
at pageObjectClass.LoginPage.enterTheUserName(LoginPage.java:26)
at testBase.LoginPageTest.Login(LoginPageTest.java:16)
at java.base/java.util.ArrayList.forEach(ArrayList.java:1597)
at java.base/java.util.concurrent.FutureTask.run(FutureTask.java:317)
at java.base/java.util.concurrent.ThreadPoolExecutor.runWorker(ThreadPoolExecutor.java:1144)
at java.base/java.util.concurrent.ThreadPoolExecutor$Worker.run(ThreadPoolExecutor.java:642)
at java.base/java.lang.Thread.run(Thread.java:1575)
... Removed 18 stack frames]]>
    </failure>
  </testcase> <!-- Login -->
  <testcase classname="MyProject.saucedemo.BaseClass" name="@BeforeTest openTheBrowser" time="0.0">
    <ignored/>
  </testcase> <!-- @BeforeTest openTheBrowser -->
  <testcase classname="testBase.LoginPageTest" name="LoginVaildCrential" time="0.0">
    <ignored/>
  </testcase> <!-- LoginVaildCrential -->
  <testcase classname="testBase.LandingPageTest" name="clickTheMenuAbout" time="0.0">
    <ignored/>
  </testcase> <!-- clickTheMenuAbout -->
  <testcase classname="testBase.LandingPageTest" name="clickThelogot" time="0.0">
    <ignored/>
  </testcase> <!-- clickThelogot -->
  <testcase classname="MyProject.saucedemo.BaseClass" name="@AfterTest teardowm" time="0.0">
    <ignored/>
  </testcase> <!-- @AfterTest teardowm -->
  <testcase classname="testBase.LandingPageTest" name="Login" time="0.0">
    <ignored/>
  </testcase> <!-- Login -->
</testsuite> <!-- FireFOx Test -->
